{"/home/hugo/PROJETOS DRIVEN/projeto19-drivenpass/src/main.ts": {"path":"/home/hugo/PROJETOS DRIVEN/projeto19-drivenpass/src/main.ts","statementMap":{"0":{"start":{"line":1,"column":0},"end":{"line":1,"column":49}},"1":{"start":{"line":2,"column":0},"end":{"line":2,"column":24}},"2":{"start":{"line":3,"column":0},"end":{"line":3,"column":28}},"3":{"start":{"line":7,"column":0},"end":{"line":7,"column":43}},"4":{"start":{"line":9,"column":0},"end":{"line":9,"column":16}},"5":{"start":{"line":11,"column":24},"end":{"line":11,"column":33}},"6":{"start":{"line":13,"column":0},"end":{"line":13,"column":43}},"7":{"start":{"line":15,"column":0},"end":{"line":17,"column":3}},"8":{"start":{"line":16,"column":2},"end":{"line":16,"column":47}},"9":{"start":{"line":19,"column":0},"end":{"line":19,"column":22}}},"fnMap":{"0":{"name":"(anonymous_7)","decl":{"start":{"line":15,"column":32},"end":{"line":15,"column":35}},"loc":{"start":{"line":15,"column":37},"end":{"line":17,"column":1}}}},"branchMap":{},"s":{"0":1,"1":1,"2":1,"3":1,"4":1,"5":1,"6":1,"7":1,"8":1,"9":1},"f":{"0":1},"b":{}}
,"/home/hugo/PROJETOS DRIVEN/projeto19-drivenpass/src/controller/credential-controller.ts": {"path":"/home/hugo/PROJETOS DRIVEN/projeto19-drivenpass/src/controller/credential-controller.ts","statementMap":{"0":{"start":{"line":2,"column":0},"end":{"line":2,"column":33}},"1":{"start":{"line":6,"column":0},"end":{"line":6,"column":62}},"2":{"start":{"line":9,"column":17},"end":{"line":9,"column":44}},"3":{"start":{"line":10,"column":24},"end":{"line":10,"column":73}},"4":{"start":{"line":12,"column":2},"end":{"line":21,"column":null}},"5":{"start":{"line":13,"column":4},"end":{"line":13,"column":60}},"6":{"start":{"line":15,"column":4},"end":{"line":15,"column":77}},"7":{"start":{"line":17,"column":4},"end":{"line":19,"column":null}},"8":{"start":{"line":18,"column":6},"end":{"line":18,"column":61}},"9":{"start":{"line":20,"column":4},"end":{"line":20,"column":56}},"10":{"start":{"line":101,"column":2},"end":{"line":101,"column":19}},"11":{"start":{"line":25,"column":17},"end":{"line":25,"column":44}},"12":{"start":{"line":26,"column":23},"end":{"line":26,"column":46}},"13":{"start":{"line":28,"column":2},"end":{"line":43,"column":null}},"14":{"start":{"line":29,"column":23},"end":{"line":31,"column":null}},"15":{"start":{"line":34,"column":4},"end":{"line":34,"column":50}},"16":{"start":{"line":36,"column":4},"end":{"line":40,"column":null}},"17":{"start":{"line":37,"column":6},"end":{"line":37,"column":62}},"18":{"start":{"line":38,"column":11},"end":{"line":40,"column":null}},"19":{"start":{"line":39,"column":6},"end":{"line":39,"column":49}},"20":{"start":{"line":42,"column":4},"end":{"line":42,"column":56}},"21":{"start":{"line":102,"column":2},"end":{"line":102,"column":18}},"22":{"start":{"line":47,"column":17},"end":{"line":47,"column":44}},"23":{"start":{"line":49,"column":2},"end":{"line":54,"column":null}},"24":{"start":{"line":50,"column":27},"end":{"line":50,"column":77}},"25":{"start":{"line":51,"column":4},"end":{"line":51,"column":54}},"26":{"start":{"line":53,"column":4},"end":{"line":53,"column":56}},"27":{"start":{"line":103,"column":2},"end":{"line":103,"column":19}},"28":{"start":{"line":58,"column":17},"end":{"line":58,"column":44}},"29":{"start":{"line":59,"column":23},"end":{"line":59,"column":46}},"30":{"start":{"line":61,"column":2},"end":{"line":72,"column":null}},"31":{"start":{"line":62,"column":4},"end":{"line":62,"column":67}},"32":{"start":{"line":63,"column":4},"end":{"line":63,"column":37}},"33":{"start":{"line":65,"column":4},"end":{"line":69,"column":null}},"34":{"start":{"line":66,"column":6},"end":{"line":66,"column":46}},"35":{"start":{"line":67,"column":11},"end":{"line":69,"column":null}},"36":{"start":{"line":68,"column":6},"end":{"line":68,"column":49}},"37":{"start":{"line":71,"column":4},"end":{"line":71,"column":56}},"38":{"start":{"line":104,"column":2},"end":{"line":104,"column":21}},"39":{"start":{"line":76,"column":17},"end":{"line":76,"column":44}},"40":{"start":{"line":77,"column":23},"end":{"line":77,"column":46}},"41":{"start":{"line":78,"column":28},"end":{"line":78,"column":60}},"42":{"start":{"line":80,"column":2},"end":{"line":97,"column":null}},"43":{"start":{"line":81,"column":4},"end":{"line":85,"column":6}},"44":{"start":{"line":86,"column":4},"end":{"line":86,"column":37}},"45":{"start":{"line":88,"column":4},"end":{"line":94,"column":null}},"46":{"start":{"line":89,"column":6},"end":{"line":89,"column":46}},"47":{"start":{"line":90,"column":11},"end":{"line":94,"column":null}},"48":{"start":{"line":91,"column":6},"end":{"line":91,"column":49}},"49":{"start":{"line":92,"column":11},"end":{"line":94,"column":null}},"50":{"start":{"line":93,"column":6},"end":{"line":93,"column":61}},"51":{"start":{"line":96,"column":4},"end":{"line":96,"column":56}},"52":{"start":{"line":105,"column":2},"end":{"line":105,"column":21}}},"fnMap":{"0":{"name":"postOneCredential","decl":{"start":{"line":8,"column":15},"end":{"line":8,"column":32}},"loc":{"start":{"line":8,"column":60},"end":{"line":22,"column":null}}},"1":{"name":"getOneCredential","decl":{"start":{"line":24,"column":15},"end":{"line":24,"column":31}},"loc":{"start":{"line":24,"column":59},"end":{"line":44,"column":null}}},"2":{"name":"getAllCredentials","decl":{"start":{"line":46,"column":15},"end":{"line":46,"column":32}},"loc":{"start":{"line":46,"column":60},"end":{"line":55,"column":null}}},"3":{"name":"deleteOneCredential","decl":{"start":{"line":57,"column":15},"end":{"line":57,"column":34}},"loc":{"start":{"line":57,"column":62},"end":{"line":73,"column":null}}},"4":{"name":"updateOneCredential","decl":{"start":{"line":75,"column":15},"end":{"line":75,"column":34}},"loc":{"start":{"line":75,"column":62},"end":{"line":98,"column":null}}}},"branchMap":{"0":{"loc":{"start":{"line":17,"column":4},"end":{"line":19,"column":null}},"type":"if","locations":[{"start":{"line":17,"column":4},"end":{"line":19,"column":null}}]},"1":{"loc":{"start":{"line":36,"column":4},"end":{"line":40,"column":null}},"type":"if","locations":[{"start":{"line":36,"column":4},"end":{"line":40,"column":null}},{"start":{"line":38,"column":11},"end":{"line":40,"column":null}}]},"2":{"loc":{"start":{"line":38,"column":11},"end":{"line":40,"column":null}},"type":"if","locations":[{"start":{"line":38,"column":11},"end":{"line":40,"column":null}}]},"3":{"loc":{"start":{"line":65,"column":4},"end":{"line":69,"column":null}},"type":"if","locations":[{"start":{"line":65,"column":4},"end":{"line":69,"column":null}},{"start":{"line":67,"column":11},"end":{"line":69,"column":null}}]},"4":{"loc":{"start":{"line":67,"column":11},"end":{"line":69,"column":null}},"type":"if","locations":[{"start":{"line":67,"column":11},"end":{"line":69,"column":null}}]},"5":{"loc":{"start":{"line":88,"column":4},"end":{"line":94,"column":null}},"type":"if","locations":[{"start":{"line":88,"column":4},"end":{"line":94,"column":null}},{"start":{"line":90,"column":11},"end":{"line":94,"column":null}}]},"6":{"loc":{"start":{"line":90,"column":11},"end":{"line":94,"column":null}},"type":"if","locations":[{"start":{"line":90,"column":11},"end":{"line":94,"column":null}},{"start":{"line":92,"column":11},"end":{"line":94,"column":null}}]},"7":{"loc":{"start":{"line":92,"column":11},"end":{"line":94,"column":null}},"type":"if","locations":[{"start":{"line":92,"column":11},"end":{"line":94,"column":null}}]}},"s":{"0":1,"1":1,"2":3,"3":3,"4":3,"5":3,"6":1,"7":2,"8":2,"9":0,"10":1,"11":3,"12":3,"13":3,"14":3,"15":1,"16":2,"17":1,"18":1,"19":1,"20":0,"21":1,"22":1,"23":1,"24":1,"25":1,"26":0,"27":1,"28":3,"29":3,"30":3,"31":3,"32":1,"33":2,"34":1,"35":1,"36":1,"37":0,"38":1,"39":5,"40":5,"41":5,"42":5,"43":5,"44":1,"45":4,"46":1,"47":3,"48":1,"49":2,"50":2,"51":0,"52":1},"f":{"0":3,"1":3,"2":1,"3":3,"4":5},"b":{"0":[2],"1":[1,1],"2":[1],"3":[1,1],"4":[1],"5":[1,3],"6":[1,2],"7":[2]}}
,"/home/hugo/PROJETOS DRIVEN/projeto19-drivenpass/src/controller/network-controller.ts": {"path":"/home/hugo/PROJETOS DRIVEN/projeto19-drivenpass/src/controller/network-controller.ts","statementMap":{"0":{"start":{"line":2,"column":0},"end":{"line":2,"column":56}},"1":{"start":{"line":4,"column":0},"end":{"line":4,"column":33}},"2":{"start":{"line":7,"column":17},"end":{"line":7,"column":44}},"3":{"start":{"line":9,"column":2},"end":{"line":14,"column":null}},"4":{"start":{"line":10,"column":24},"end":{"line":10,"column":66}},"5":{"start":{"line":11,"column":4},"end":{"line":11,"column":51}},"6":{"start":{"line":13,"column":4},"end":{"line":13,"column":56}},"7":{"start":{"line":83,"column":2},"end":{"line":83,"column":16}},"8":{"start":{"line":18,"column":17},"end":{"line":18,"column":44}},"9":{"start":{"line":19,"column":20},"end":{"line":19,"column":43}},"10":{"start":{"line":20,"column":2},"end":{"line":30,"column":null}},"11":{"start":{"line":21,"column":20},"end":{"line":21,"column":73}},"12":{"start":{"line":22,"column":4},"end":{"line":22,"column":47}},"13":{"start":{"line":24,"column":4},"end":{"line":28,"column":null}},"14":{"start":{"line":25,"column":6},"end":{"line":25,"column":46}},"15":{"start":{"line":26,"column":11},"end":{"line":28,"column":null}},"16":{"start":{"line":27,"column":6},"end":{"line":27,"column":49}},"17":{"start":{"line":29,"column":4},"end":{"line":29,"column":56}},"18":{"start":{"line":84,"column":2},"end":{"line":84,"column":15}},"19":{"start":{"line":34,"column":17},"end":{"line":34,"column":44}},"20":{"start":{"line":35,"column":21},"end":{"line":35,"column":67}},"21":{"start":{"line":37,"column":2},"end":{"line":42,"column":null}},"22":{"start":{"line":38,"column":4},"end":{"line":38,"column":51}},"23":{"start":{"line":39,"column":4},"end":{"line":39,"column":77}},"24":{"start":{"line":41,"column":4},"end":{"line":41,"column":56}},"25":{"start":{"line":85,"column":2},"end":{"line":85,"column":13}},"26":{"start":{"line":46,"column":17},"end":{"line":46,"column":44}},"27":{"start":{"line":47,"column":20},"end":{"line":47,"column":43}},"28":{"start":{"line":49,"column":2},"end":{"line":60,"column":null}},"29":{"start":{"line":50,"column":4},"end":{"line":50,"column":58}},"30":{"start":{"line":51,"column":4},"end":{"line":51,"column":77}},"31":{"start":{"line":53,"column":4},"end":{"line":57,"column":null}},"32":{"start":{"line":54,"column":6},"end":{"line":54,"column":46}},"33":{"start":{"line":55,"column":11},"end":{"line":57,"column":null}},"34":{"start":{"line":56,"column":6},"end":{"line":56,"column":49}},"35":{"start":{"line":59,"column":4},"end":{"line":59,"column":56}},"36":{"start":{"line":86,"column":2},"end":{"line":86,"column":15}},"37":{"start":{"line":64,"column":17},"end":{"line":64,"column":44}},"38":{"start":{"line":65,"column":20},"end":{"line":65,"column":43}},"39":{"start":{"line":66,"column":25},"end":{"line":66,"column":54}},"40":{"start":{"line":68,"column":2},"end":{"line":79,"column":null}},"41":{"start":{"line":69,"column":4},"end":{"line":69,"column":74}},"42":{"start":{"line":70,"column":4},"end":{"line":70,"column":77}},"43":{"start":{"line":72,"column":4},"end":{"line":76,"column":null}},"44":{"start":{"line":73,"column":6},"end":{"line":73,"column":46}},"45":{"start":{"line":74,"column":11},"end":{"line":76,"column":null}},"46":{"start":{"line":75,"column":6},"end":{"line":75,"column":49}},"47":{"start":{"line":78,"column":4},"end":{"line":78,"column":56}},"48":{"start":{"line":87,"column":2},"end":{"line":87,"column":15}}},"fnMap":{"0":{"name":"getAllNetworks","decl":{"start":{"line":6,"column":15},"end":{"line":6,"column":29}},"loc":{"start":{"line":6,"column":57},"end":{"line":15,"column":null}}},"1":{"name":"getOneNetwork","decl":{"start":{"line":17,"column":15},"end":{"line":17,"column":28}},"loc":{"start":{"line":17,"column":56},"end":{"line":31,"column":null}}},"2":{"name":"postNetwork","decl":{"start":{"line":33,"column":15},"end":{"line":33,"column":26}},"loc":{"start":{"line":33,"column":54},"end":{"line":43,"column":null}}},"3":{"name":"deleteNetwork","decl":{"start":{"line":45,"column":15},"end":{"line":45,"column":28}},"loc":{"start":{"line":45,"column":56},"end":{"line":61,"column":null}}},"4":{"name":"updateNetwork","decl":{"start":{"line":63,"column":15},"end":{"line":63,"column":28}},"loc":{"start":{"line":63,"column":56},"end":{"line":80,"column":null}}}},"branchMap":{"0":{"loc":{"start":{"line":24,"column":4},"end":{"line":28,"column":null}},"type":"if","locations":[{"start":{"line":24,"column":4},"end":{"line":28,"column":null}},{"start":{"line":26,"column":11},"end":{"line":28,"column":null}}]},"1":{"loc":{"start":{"line":26,"column":11},"end":{"line":28,"column":null}},"type":"if","locations":[{"start":{"line":26,"column":11},"end":{"line":28,"column":null}}]},"2":{"loc":{"start":{"line":53,"column":4},"end":{"line":57,"column":null}},"type":"if","locations":[{"start":{"line":53,"column":4},"end":{"line":57,"column":null}},{"start":{"line":55,"column":11},"end":{"line":57,"column":null}}]},"3":{"loc":{"start":{"line":55,"column":11},"end":{"line":57,"column":null}},"type":"if","locations":[{"start":{"line":55,"column":11},"end":{"line":57,"column":null}}]},"4":{"loc":{"start":{"line":72,"column":4},"end":{"line":76,"column":null}},"type":"if","locations":[{"start":{"line":72,"column":4},"end":{"line":76,"column":null}},{"start":{"line":74,"column":11},"end":{"line":76,"column":null}}]},"5":{"loc":{"start":{"line":74,"column":11},"end":{"line":76,"column":null}},"type":"if","locations":[{"start":{"line":74,"column":11},"end":{"line":76,"column":null}}]}},"s":{"0":1,"1":1,"2":1,"3":1,"4":1,"5":1,"6":0,"7":1,"8":3,"9":3,"10":3,"11":3,"12":1,"13":2,"14":1,"15":1,"16":1,"17":0,"18":1,"19":1,"20":1,"21":1,"22":1,"23":1,"24":0,"25":1,"26":3,"27":3,"28":3,"29":3,"30":1,"31":2,"32":1,"33":1,"34":1,"35":0,"36":1,"37":3,"38":3,"39":3,"40":3,"41":3,"42":1,"43":2,"44":1,"45":1,"46":1,"47":0,"48":1},"f":{"0":1,"1":3,"2":1,"3":3,"4":3},"b":{"0":[1,1],"1":[1],"2":[1,1],"3":[1],"4":[1,1],"5":[1]}}
,"/home/hugo/PROJETOS DRIVEN/projeto19-drivenpass/src/controller/user-controller.ts": {"path":"/home/hugo/PROJETOS DRIVEN/projeto19-drivenpass/src/controller/user-controller.ts","statementMap":{"0":{"start":{"line":4,"column":0},"end":{"line":4,"column":50}},"1":{"start":{"line":6,"column":0},"end":{"line":6,"column":33}},"2":{"start":{"line":9,"column":18},"end":{"line":9,"column":38}},"3":{"start":{"line":11,"column":2},"end":{"line":20,"column":null}},"4":{"start":{"line":12,"column":4},"end":{"line":12,"column":42}},"5":{"start":{"line":13,"column":4},"end":{"line":13,"column":71}},"6":{"start":{"line":15,"column":4},"end":{"line":17,"column":null}},"7":{"start":{"line":16,"column":6},"end":{"line":16,"column":61}},"8":{"start":{"line":19,"column":4},"end":{"line":19,"column":56}},"9":{"start":{"line":40,"column":9},"end":{"line":40,"column":15}},"10":{"start":{"line":24,"column":15},"end":{"line":24,"column":35}},"11":{"start":{"line":26,"column":2},"end":{"line":37,"column":null}},"12":{"start":{"line":27,"column":20},"end":{"line":27,"column":53}},"13":{"start":{"line":29,"column":4},"end":{"line":31,"column":79}},"14":{"start":{"line":33,"column":4},"end":{"line":35,"column":null}},"15":{"start":{"line":34,"column":6},"end":{"line":34,"column":65}},"16":{"start":{"line":36,"column":4},"end":{"line":36,"column":56}},"17":{"start":{"line":40,"column":17},"end":{"line":40,"column":23}}},"fnMap":{"0":{"name":"signUp","decl":{"start":{"line":8,"column":15},"end":{"line":8,"column":21}},"loc":{"start":{"line":8,"column":49},"end":{"line":21,"column":null}}},"1":{"name":"signIn","decl":{"start":{"line":23,"column":15},"end":{"line":23,"column":21}},"loc":{"start":{"line":23,"column":49},"end":{"line":38,"column":null}}}},"branchMap":{"0":{"loc":{"start":{"line":15,"column":4},"end":{"line":17,"column":null}},"type":"if","locations":[{"start":{"line":15,"column":4},"end":{"line":17,"column":null}}]},"1":{"loc":{"start":{"line":33,"column":4},"end":{"line":35,"column":null}},"type":"if","locations":[{"start":{"line":33,"column":4},"end":{"line":35,"column":null}}]}},"s":{"0":1,"1":1,"2":2,"3":2,"4":2,"5":1,"6":1,"7":1,"8":0,"9":1,"10":3,"11":3,"12":3,"13":1,"14":2,"15":2,"16":0,"17":1},"f":{"0":2,"1":3},"b":{"0":[1],"1":[2]}}
,"/home/hugo/PROJETOS DRIVEN/projeto19-drivenpass/src/database/database.ts": {"path":"/home/hugo/PROJETOS DRIVEN/projeto19-drivenpass/src/database/database.ts","statementMap":{"0":{"start":{"line":1,"column":0},"end":{"line":1,"column":46}},"1":{"start":{"line":2,"column":15},"end":{"line":2,"column":33}},"2":{"start":{"line":4,"column":0},"end":{"line":4,"column":22}}},"fnMap":{},"branchMap":{},"s":{"0":1,"1":1,"2":1},"f":{},"b":{}}
,"/home/hugo/PROJETOS DRIVEN/projeto19-drivenpass/src/erros/conflict.ts": {"path":"/home/hugo/PROJETOS DRIVEN/projeto19-drivenpass/src/erros/conflict.ts","statementMap":{"0":{"start":{"line":4,"column":2},"end":{"line":8,"column":4}},"1":{"start":{"line":3,"column":0},"end":{"line":3,"column":16}}},"fnMap":{"0":{"name":"conflictError","decl":{"start":{"line":3,"column":16},"end":{"line":3,"column":29}},"loc":{"start":{"line":3,"column":45},"end":{"line":9,"column":1}}}},"branchMap":{},"s":{"0":5,"1":1},"f":{"0":5},"b":{}}
,"/home/hugo/PROJETOS DRIVEN/projeto19-drivenpass/src/erros/index-errors.ts": {"path":"/home/hugo/PROJETOS DRIVEN/projeto19-drivenpass/src/erros/index-errors.ts","statementMap":{"0":{"start":{"line":6,"column":0},"end":{"line":6,"column":9}},"1":{"start":{"line":10,"column":9},"end":{"line":6,"column":43}},"2":{"start":{"line":7,"column":0},"end":{"line":7,"column":9}},"3":{"start":{"line":10,"column":24},"end":{"line":7,"column":44}},"4":{"start":{"line":8,"column":0},"end":{"line":8,"column":9}},"5":{"start":{"line":10,"column":39},"end":{"line":8,"column":53}}},"fnMap":{"0":{"name":"(anonymous_0)","decl":{"start":{"line":10,"column":9},"end":{"line":10,"column":22}},"loc":{"start":{"line":10,"column":9},"end":{"line":6,"column":43}}},"1":{"name":"(anonymous_1)","decl":{"start":{"line":10,"column":24},"end":{"line":10,"column":37}},"loc":{"start":{"line":10,"column":24},"end":{"line":7,"column":44}}},"2":{"name":"(anonymous_2)","decl":{"start":{"line":10,"column":39},"end":{"line":10,"column":56}},"loc":{"start":{"line":10,"column":39},"end":{"line":8,"column":53}}}},"branchMap":{},"s":{"0":1,"1":6,"2":1,"3":7,"4":1,"5":9},"f":{"0":5,"1":6,"2":8},"b":{}}
,"/home/hugo/PROJETOS DRIVEN/projeto19-drivenpass/src/erros/not-found.ts": {"path":"/home/hugo/PROJETOS DRIVEN/projeto19-drivenpass/src/erros/not-found.ts","statementMap":{"0":{"start":{"line":4,"column":2},"end":{"line":8,"column":4}},"1":{"start":{"line":3,"column":0},"end":{"line":3,"column":16}}},"fnMap":{"0":{"name":"notFoundError","decl":{"start":{"line":3,"column":16},"end":{"line":3,"column":29}},"loc":{"start":{"line":3,"column":29},"end":{"line":9,"column":1}}}},"branchMap":{},"s":{"0":6,"1":1},"f":{"0":6},"b":{}}
,"/home/hugo/PROJETOS DRIVEN/projeto19-drivenpass/src/erros/unauthorizated.ts": {"path":"/home/hugo/PROJETOS DRIVEN/projeto19-drivenpass/src/erros/unauthorizated.ts","statementMap":{"0":{"start":{"line":4,"column":2},"end":{"line":8,"column":4}},"1":{"start":{"line":3,"column":0},"end":{"line":3,"column":16}}},"fnMap":{"0":{"name":"unauthorizedError","decl":{"start":{"line":3,"column":16},"end":{"line":3,"column":33}},"loc":{"start":{"line":3,"column":33},"end":{"line":9,"column":1}}}},"branchMap":{},"s":{"0":8,"1":1},"f":{"0":8},"b":{}}
,"/home/hugo/PROJETOS DRIVEN/projeto19-drivenpass/src/middlewares/id-middleware.ts": {"path":"/home/hugo/PROJETOS DRIVEN/projeto19-drivenpass/src/middlewares/id-middleware.ts","statementMap":{"0":{"start":{"line":2,"column":0},"end":{"line":2,"column":33}},"1":{"start":{"line":9,"column":13},"end":{"line":9,"column":34}},"2":{"start":{"line":10,"column":2},"end":{"line":12,"column":null}},"3":{"start":{"line":11,"column":4},"end":{"line":11,"column":46}},"4":{"start":{"line":14,"column":2},"end":{"line":14,"column":21}},"5":{"start":{"line":15,"column":2},"end":{"line":15,"column":9}},"6":{"start":{"line":4,"column":0},"end":{"line":4,"column":24}}},"fnMap":{"0":{"name":"validateID","decl":{"start":{"line":4,"column":24},"end":{"line":4,"column":34}},"loc":{"start":{"line":7,"column":20},"end":{"line":16,"column":1}}}},"branchMap":{"0":{"loc":{"start":{"line":10,"column":2},"end":{"line":12,"column":null}},"type":"if","locations":[{"start":{"line":10,"column":2},"end":{"line":12,"column":null}}]}},"s":{"0":1,"1":28,"2":28,"3":6,"4":22,"5":22,"6":1},"f":{"0":28},"b":{"0":[6]}}
,"/home/hugo/PROJETOS DRIVEN/projeto19-drivenpass/src/middlewares/post-credential-middlware.ts": {"path":"/home/hugo/PROJETOS DRIVEN/projeto19-drivenpass/src/middlewares/post-credential-middlware.ts","statementMap":{"0":{"start":{"line":4,"column":0},"end":{"line":4,"column":63}},"1":{"start":{"line":6,"column":0},"end":{"line":6,"column":33}},"2":{"start":{"line":13,"column":17},"end":{"line":13,"column":44}},"3":{"start":{"line":14,"column":24},"end":{"line":14,"column":73}},"4":{"start":{"line":15,"column":20},"end":{"line":17,"column":4}},"5":{"start":{"line":18,"column":2},"end":{"line":24,"column":null}},"6":{"start":{"line":19,"column":4},"end":{"line":21,"column":55}},"7":{"start":{"line":21,"column":40},"end":{"line":21,"column":52}},"8":{"start":{"line":23,"column":4},"end":{"line":23,"column":11}},"9":{"start":{"line":8,"column":0},"end":{"line":8,"column":24}}},"fnMap":{"0":{"name":"validateCredential","decl":{"start":{"line":8,"column":24},"end":{"line":8,"column":42}},"loc":{"start":{"line":11,"column":20},"end":{"line":25,"column":1}}},"1":{"name":"(anonymous_2)","decl":{"start":{"line":21,"column":30},"end":{"line":21,"column":31}},"loc":{"start":{"line":21,"column":40},"end":{"line":21,"column":52}}}},"branchMap":{"0":{"loc":{"start":{"line":18,"column":2},"end":{"line":24,"column":null}},"type":"if","locations":[{"start":{"line":18,"column":2},"end":{"line":24,"column":null}},{"start":{"line":22,"column":9},"end":{"line":24,"column":null}}]}},"s":{"0":1,"1":1,"2":5,"3":5,"4":5,"5":5,"6":2,"7":11,"8":3,"9":1},"f":{"0":5,"1":11},"b":{"0":[2,3]}}
,"/home/hugo/PROJETOS DRIVEN/projeto19-drivenpass/src/middlewares/post-network-middleware.ts": {"path":"/home/hugo/PROJETOS DRIVEN/projeto19-drivenpass/src/middlewares/post-network-middleware.ts","statementMap":{"0":{"start":{"line":4,"column":0},"end":{"line":4,"column":57}},"1":{"start":{"line":6,"column":0},"end":{"line":6,"column":33}},"2":{"start":{"line":13,"column":17},"end":{"line":13,"column":44}},"3":{"start":{"line":14,"column":21},"end":{"line":14,"column":67}},"4":{"start":{"line":15,"column":20},"end":{"line":17,"column":4}},"5":{"start":{"line":18,"column":2},"end":{"line":24,"column":null}},"6":{"start":{"line":19,"column":4},"end":{"line":21,"column":55}},"7":{"start":{"line":21,"column":40},"end":{"line":21,"column":52}},"8":{"start":{"line":23,"column":4},"end":{"line":23,"column":11}},"9":{"start":{"line":8,"column":0},"end":{"line":8,"column":24}}},"fnMap":{"0":{"name":"validateCredential","decl":{"start":{"line":8,"column":24},"end":{"line":8,"column":42}},"loc":{"start":{"line":11,"column":20},"end":{"line":25,"column":1}}},"1":{"name":"(anonymous_2)","decl":{"start":{"line":21,"column":30},"end":{"line":21,"column":31}},"loc":{"start":{"line":21,"column":40},"end":{"line":21,"column":52}}}},"branchMap":{"0":{"loc":{"start":{"line":18,"column":2},"end":{"line":24,"column":null}},"type":"if","locations":[{"start":{"line":18,"column":2},"end":{"line":24,"column":null}},{"start":{"line":22,"column":9},"end":{"line":24,"column":null}}]}},"s":{"0":1,"1":1,"2":3,"3":3,"4":3,"5":3,"6":2,"7":9,"8":1,"9":1},"f":{"0":3,"1":9},"b":{"0":[2,1]}}
,"/home/hugo/PROJETOS DRIVEN/projeto19-drivenpass/src/middlewares/token-middleware.ts": {"path":"/home/hugo/PROJETOS DRIVEN/projeto19-drivenpass/src/middlewares/token-middleware.ts","statementMap":{"0":{"start":{"line":4,"column":0},"end":{"line":4,"column":65}},"1":{"start":{"line":5,"column":0},"end":{"line":5,"column":51}},"2":{"start":{"line":6,"column":0},"end":{"line":6,"column":31}},"3":{"start":{"line":7,"column":0},"end":{"line":7,"column":33}},"4":{"start":{"line":14,"column":24},"end":{"line":14,"column":50}},"5":{"start":{"line":15,"column":16},"end":{"line":15,"column":44}},"6":{"start":{"line":17,"column":2},"end":{"line":19,"column":null}},"7":{"start":{"line":18,"column":4},"end":{"line":18,"column":46}},"8":{"start":{"line":21,"column":2},"end":{"line":39,"column":null}},"9":{"start":{"line":22,"column":25},"end":{"line":22,"column":69}},"10":{"start":{"line":24,"column":4},"end":{"line":33,"column":null}},"11":{"start":{"line":25,"column":27},"end":{"line":25,"column":55}},"12":{"start":{"line":27,"column":6},"end":{"line":30,"column":null}},"13":{"start":{"line":28,"column":8},"end":{"line":28,"column":48}},"14":{"start":{"line":29,"column":8},"end":{"line":29,"column":15}},"15":{"start":{"line":32,"column":6},"end":{"line":32,"column":49}},"16":{"start":{"line":35,"column":4},"end":{"line":37,"column":null}},"17":{"start":{"line":36,"column":6},"end":{"line":36,"column":49}},"18":{"start":{"line":38,"column":4},"end":{"line":38,"column":56}},"19":{"start":{"line":9,"column":0},"end":{"line":9,"column":30}}},"fnMap":{"0":{"name":"authToken","decl":{"start":{"line":9,"column":30},"end":{"line":9,"column":39}},"loc":{"start":{"line":12,"column":20},"end":{"line":40,"column":null}}}},"branchMap":{"0":{"loc":{"start":{"line":14,"column":24},"end":{"line":14,"column":50}},"type":"cond-expr","locations":[{"start":{"line":14,"column":35},"end":{"line":14,"column":37}},{"start":{"line":14,"column":35},"end":{"line":14,"column":50}}]},"1":{"loc":{"start":{"line":14,"column":24},"end":{"line":14,"column":37}},"type":"binary-expr","locations":[{"start":{"line":14,"column":24},"end":{"line":14,"column":37}},{"start":{"line":14,"column":35},"end":{"line":14,"column":37}}]},"2":{"loc":{"start":{"line":15,"column":16},"end":{"line":15,"column":44}},"type":"cond-expr","locations":[{"start":{"line":15,"column":29},"end":{"line":15,"column":31}},{"start":{"line":15,"column":16},"end":{"line":15,"column":44}}]},"3":{"loc":{"start":{"line":15,"column":16},"end":{"line":15,"column":31}},"type":"binary-expr","locations":[{"start":{"line":15,"column":16},"end":{"line":15,"column":31}},{"start":{"line":15,"column":16},"end":{"line":15,"column":31}}]},"4":{"loc":{"start":{"line":17,"column":2},"end":{"line":19,"column":null}},"type":"if","locations":[{"start":{"line":17,"column":2},"end":{"line":19,"column":null}}]},"5":{"loc":{"start":{"line":24,"column":4},"end":{"line":33,"column":null}},"type":"if","locations":[{"start":{"line":24,"column":4},"end":{"line":33,"column":null}},{"start":{"line":31,"column":11},"end":{"line":33,"column":null}}]},"6":{"loc":{"start":{"line":27,"column":6},"end":{"line":30,"column":null}},"type":"if","locations":[{"start":{"line":27,"column":6},"end":{"line":30,"column":null}}]},"7":{"loc":{"start":{"line":35,"column":4},"end":{"line":37,"column":null}},"type":"if","locations":[{"start":{"line":35,"column":4},"end":{"line":37,"column":null}}]}},"s":{"0":1,"1":1,"2":1,"3":1,"4":68,"5":68,"6":68,"7":10,"8":58,"9":58,"10":58,"11":48,"12":38,"13":38,"14":38,"15":10,"16":10,"17":10,"18":0,"19":1},"f":{"0":68},"b":{"0":[0,68],"1":[68,68],"2":[10,58],"3":[68,68],"4":[10],"5":[48,10],"6":[38],"7":[10]}}
,"/home/hugo/PROJETOS DRIVEN/projeto19-drivenpass/src/middlewares/update-credential-middleware.ts": {"path":"/home/hugo/PROJETOS DRIVEN/projeto19-drivenpass/src/middlewares/update-credential-middleware.ts","statementMap":{"0":{"start":{"line":4,"column":0},"end":{"line":4,"column":69}},"1":{"start":{"line":6,"column":0},"end":{"line":6,"column":33}},"2":{"start":{"line":13,"column":27},"end":{"line":13,"column":59}},"3":{"start":{"line":14,"column":20},"end":{"line":16,"column":4}},"4":{"start":{"line":17,"column":2},"end":{"line":23,"column":null}},"5":{"start":{"line":18,"column":4},"end":{"line":20,"column":55}},"6":{"start":{"line":20,"column":40},"end":{"line":20,"column":52}},"7":{"start":{"line":22,"column":4},"end":{"line":22,"column":11}},"8":{"start":{"line":8,"column":0},"end":{"line":8,"column":24}}},"fnMap":{"0":{"name":"validateCredential","decl":{"start":{"line":8,"column":24},"end":{"line":8,"column":42}},"loc":{"start":{"line":11,"column":20},"end":{"line":24,"column":1}}},"1":{"name":"(anonymous_2)","decl":{"start":{"line":20,"column":30},"end":{"line":20,"column":31}},"loc":{"start":{"line":20,"column":40},"end":{"line":20,"column":52}}}},"branchMap":{"0":{"loc":{"start":{"line":17,"column":2},"end":{"line":23,"column":null}},"type":"if","locations":[{"start":{"line":17,"column":2},"end":{"line":23,"column":null}},{"start":{"line":21,"column":9},"end":{"line":23,"column":null}}]}},"s":{"0":1,"1":1,"2":7,"3":7,"4":7,"5":2,"6":7,"7":5,"8":1},"f":{"0":7,"1":7},"b":{"0":[2,5]}}
,"/home/hugo/PROJETOS DRIVEN/projeto19-drivenpass/src/middlewares/user-middleware.ts": {"path":"/home/hugo/PROJETOS DRIVEN/projeto19-drivenpass/src/middlewares/user-middleware.ts","statementMap":{"0":{"start":{"line":4,"column":0},"end":{"line":4,"column":51}},"1":{"start":{"line":6,"column":0},"end":{"line":6,"column":33}},"2":{"start":{"line":13,"column":18},"end":{"line":13,"column":38}},"3":{"start":{"line":15,"column":20},"end":{"line":15,"column":71}},"4":{"start":{"line":16,"column":2},"end":{"line":22,"column":null}},"5":{"start":{"line":17,"column":4},"end":{"line":19,"column":55}},"6":{"start":{"line":19,"column":40},"end":{"line":19,"column":52}},"7":{"start":{"line":21,"column":4},"end":{"line":21,"column":11}},"8":{"start":{"line":8,"column":0},"end":{"line":8,"column":24}}},"fnMap":{"0":{"name":"validateUser","decl":{"start":{"line":8,"column":24},"end":{"line":8,"column":36}},"loc":{"start":{"line":11,"column":20},"end":{"line":23,"column":1}}},"1":{"name":"(anonymous_2)","decl":{"start":{"line":19,"column":30},"end":{"line":19,"column":31}},"loc":{"start":{"line":19,"column":40},"end":{"line":19,"column":52}}}},"branchMap":{"0":{"loc":{"start":{"line":16,"column":2},"end":{"line":22,"column":null}},"type":"if","locations":[{"start":{"line":16,"column":2},"end":{"line":22,"column":null}},{"start":{"line":20,"column":9},"end":{"line":22,"column":null}}]}},"s":{"0":1,"1":1,"2":9,"3":9,"4":9,"5":4,"6":10,"7":5,"8":1},"f":{"0":9,"1":10},"b":{"0":[4,5]}}
,"/home/hugo/PROJETOS DRIVEN/projeto19-drivenpass/src/protocols/secretKey.ts": {"path":"/home/hugo/PROJETOS DRIVEN/projeto19-drivenpass/src/protocols/secretKey.ts","statementMap":{"0":{"start":{"line":1,"column":18},"end":{"line":1,"column":62}},"1":{"start":{"line":5,"column":9},"end":{"line":5,"column":18}},"2":{"start":{"line":2,"column":18},"end":{"line":2,"column":23}},"3":{"start":{"line":5,"column":20},"end":{"line":5,"column":29}},"4":{"start":{"line":3,"column":18},"end":{"line":3,"column":19}},"5":{"start":{"line":5,"column":31},"end":{"line":5,"column":40}}},"fnMap":{},"branchMap":{},"s":{"0":1,"1":1,"2":1,"3":1,"4":1,"5":1},"f":{},"b":{}}
,"/home/hugo/PROJETOS DRIVEN/projeto19-drivenpass/src/repository/credential-repository.ts": {"path":"/home/hugo/PROJETOS DRIVEN/projeto19-drivenpass/src/repository/credential-repository.ts","statementMap":{"0":{"start":{"line":3,"column":0},"end":{"line":3,"column":42}},"1":{"start":{"line":7,"column":2},"end":{"line":9,"column":5}},"2":{"start":{"line":13,"column":2},"end":{"line":17,"column":5}},"3":{"start":{"line":21,"column":2},"end":{"line":25,"column":5}},"4":{"start":{"line":29,"column":2},"end":{"line":34,"column":5}},"5":{"start":{"line":38,"column":2},"end":{"line":43,"column":5}},"6":{"start":{"line":47,"column":2},"end":{"line":52,"column":5}},"7":{"start":{"line":60,"column":2},"end":{"line":66,"column":5}},"8":{"start":{"line":69,"column":29},"end":{"line":77,"column":2}},"9":{"start":{"line":79,"column":0},"end":{"line":79,"column":36}}},"fnMap":{"0":{"name":"createCredential","decl":{"start":{"line":6,"column":15},"end":{"line":6,"column":31}},"loc":{"start":{"line":6,"column":61},"end":{"line":10,"column":null}}},"1":{"name":"findAllCredentials","decl":{"start":{"line":12,"column":15},"end":{"line":12,"column":33}},"loc":{"start":{"line":12,"column":48},"end":{"line":18,"column":null}}},"2":{"name":"findOneCredentialById","decl":{"start":{"line":20,"column":15},"end":{"line":20,"column":36}},"loc":{"start":{"line":20,"column":47},"end":{"line":26,"column":null}}},"3":{"name":"findOneCredentiaByTitle","decl":{"start":{"line":28,"column":15},"end":{"line":28,"column":38}},"loc":{"start":{"line":28,"column":68},"end":{"line":35,"column":null}}},"4":{"name":"filterCredentialsByUrl","decl":{"start":{"line":37,"column":15},"end":{"line":37,"column":37}},"loc":{"start":{"line":37,"column":65},"end":{"line":44,"column":null}}},"5":{"name":"deleteCredential","decl":{"start":{"line":46,"column":15},"end":{"line":46,"column":31}},"loc":{"start":{"line":46,"column":58},"end":{"line":53,"column":null}}},"6":{"name":"updateCredential","decl":{"start":{"line":55,"column":15},"end":{"line":55,"column":31}},"loc":{"start":{"line":58,"column":41},"end":{"line":67,"column":null}}}},"branchMap":{},"s":{"0":1,"1":1,"2":1,"3":20,"4":4,"5":5,"6":1,"7":1,"8":1,"9":1},"f":{"0":1,"1":1,"2":20,"3":4,"4":5,"5":1,"6":1},"b":{}}
,"/home/hugo/PROJETOS DRIVEN/projeto19-drivenpass/src/repository/network-repository.ts": {"path":"/home/hugo/PROJETOS DRIVEN/projeto19-drivenpass/src/repository/network-repository.ts","statementMap":{"0":{"start":{"line":3,"column":0},"end":{"line":3,"column":42}},"1":{"start":{"line":7,"column":2},"end":{"line":11,"column":5}},"2":{"start":{"line":15,"column":2},"end":{"line":19,"column":5}},"3":{"start":{"line":23,"column":2},"end":{"line":25,"column":5}},"4":{"start":{"line":29,"column":2},"end":{"line":33,"column":5}},"5":{"start":{"line":37,"column":2},"end":{"line":42,"column":5}},"6":{"start":{"line":45,"column":26},"end":{"line":51,"column":2}},"7":{"start":{"line":53,"column":0},"end":{"line":53,"column":33}}},"fnMap":{"0":{"name":"findOneNetwork","decl":{"start":{"line":6,"column":15},"end":{"line":6,"column":29}},"loc":{"start":{"line":6,"column":40},"end":{"line":12,"column":null}}},"1":{"name":"findAllNetwork","decl":{"start":{"line":14,"column":15},"end":{"line":14,"column":29}},"loc":{"start":{"line":14,"column":44},"end":{"line":20,"column":null}}},"2":{"name":"createNetwork","decl":{"start":{"line":22,"column":15},"end":{"line":22,"column":28}},"loc":{"start":{"line":22,"column":49},"end":{"line":26,"column":null}}},"3":{"name":"deleteNetwork","decl":{"start":{"line":28,"column":15},"end":{"line":28,"column":28}},"loc":{"start":{"line":28,"column":39},"end":{"line":34,"column":null}}},"4":{"name":"updateNetwork","decl":{"start":{"line":36,"column":15},"end":{"line":36,"column":28}},"loc":{"start":{"line":36,"column":74},"end":{"line":43,"column":null}}}},"branchMap":{},"s":{"0":1,"1":16,"2":1,"3":1,"4":1,"5":1,"6":1,"7":1},"f":{"0":16,"1":1,"2":1,"3":1,"4":1},"b":{}}
,"/home/hugo/PROJETOS DRIVEN/projeto19-drivenpass/src/repository/session-repository.ts": {"path":"/home/hugo/PROJETOS DRIVEN/projeto19-drivenpass/src/repository/session-repository.ts","statementMap":{"0":{"start":{"line":3,"column":0},"end":{"line":3,"column":42}},"1":{"start":{"line":7,"column":2},"end":{"line":21,"column":5}},"2":{"start":{"line":25,"column":2},"end":{"line":29,"column":5}},"3":{"start":{"line":32,"column":26},"end":{"line":35,"column":2}},"4":{"start":{"line":37,"column":0},"end":{"line":37,"column":33}}},"fnMap":{"0":{"name":"createSession","decl":{"start":{"line":6,"column":15},"end":{"line":6,"column":28}},"loc":{"start":{"line":6,"column":59},"end":{"line":22,"column":null}}},"1":{"name":"searchSession","decl":{"start":{"line":24,"column":15},"end":{"line":24,"column":28}},"loc":{"start":{"line":24,"column":54},"end":{"line":30,"column":null}}}},"branchMap":{},"s":{"0":1,"1":1,"2":58,"3":1,"4":1},"f":{"0":1,"1":58},"b":{}}
,"/home/hugo/PROJETOS DRIVEN/projeto19-drivenpass/src/repository/user-repository.ts": {"path":"/home/hugo/PROJETOS DRIVEN/projeto19-drivenpass/src/repository/user-repository.ts","statementMap":{"0":{"start":{"line":2,"column":0},"end":{"line":2,"column":42}},"1":{"start":{"line":5,"column":2},"end":{"line":10,"column":5}},"2":{"start":{"line":14,"column":2},"end":{"line":18,"column":5}},"3":{"start":{"line":21,"column":23},"end":{"line":24,"column":2}},"4":{"start":{"line":26,"column":0},"end":{"line":26,"column":30}}},"fnMap":{"0":{"name":"insert","decl":{"start":{"line":4,"column":15},"end":{"line":4,"column":21}},"loc":{"start":{"line":4,"column":53},"end":{"line":11,"column":null}}},"1":{"name":"search","decl":{"start":{"line":13,"column":15},"end":{"line":13,"column":21}},"loc":{"start":{"line":13,"column":35},"end":{"line":19,"column":null}}}},"branchMap":{},"s":{"0":1,"1":1,"2":5,"3":1,"4":1},"f":{"0":1,"1":5},"b":{}}
,"/home/hugo/PROJETOS DRIVEN/projeto19-drivenpass/src/router/credential-router.ts": {"path":"/home/hugo/PROJETOS DRIVEN/projeto19-drivenpass/src/router/credential-router.ts","statementMap":{"0":{"start":{"line":1,"column":0},"end":{"line":1,"column":33}},"1":{"start":{"line":13,"column":0},"end":{"line":13,"column":56}},"2":{"start":{"line":14,"column":0},"end":{"line":14,"column":74}},"3":{"start":{"line":15,"column":0},"end":{"line":15,"column":54}},"4":{"start":{"line":16,"column":0},"end":{"line":16,"column":83}},"5":{"start":{"line":17,"column":0},"end":{"line":17,"column":null}},"6":{"start":{"line":25,"column":25},"end":{"line":25,"column":33}},"7":{"start":{"line":27,"column":0},"end":{"line":32,"column":2}},"8":{"start":{"line":34,"column":0},"end":{"line":39,"column":2}},"9":{"start":{"line":41,"column":0},"end":{"line":41,"column":66}},"10":{"start":{"line":43,"column":0},"end":{"line":48,"column":2}},"11":{"start":{"line":50,"column":0},"end":{"line":56,"column":2}},"12":{"start":{"line":58,"column":0},"end":{"line":58,"column":32}}},"fnMap":{},"branchMap":{},"s":{"0":1,"1":1,"2":1,"3":1,"4":1,"5":1,"6":1,"7":1,"8":1,"9":1,"10":1,"11":1,"12":1},"f":{},"b":{}}
,"/home/hugo/PROJETOS DRIVEN/projeto19-drivenpass/src/router/index-router.ts": {"path":"/home/hugo/PROJETOS DRIVEN/projeto19-drivenpass/src/router/index-router.ts","statementMap":{"0":{"start":{"line":1,"column":0},"end":{"line":1,"column":33}},"1":{"start":{"line":7,"column":0},"end":{"line":7,"column":39}},"2":{"start":{"line":8,"column":0},"end":{"line":8,"column":51}},"3":{"start":{"line":9,"column":0},"end":{"line":9,"column":45}},"4":{"start":{"line":11,"column":15},"end":{"line":11,"column":23}},"5":{"start":{"line":13,"column":0},"end":{"line":13,"column":64}},"6":{"start":{"line":15,"column":0},"end":{"line":15,"column":22}}},"fnMap":{},"branchMap":{},"s":{"0":1,"1":1,"2":1,"3":1,"4":1,"5":1,"6":1},"f":{},"b":{}}
,"/home/hugo/PROJETOS DRIVEN/projeto19-drivenpass/src/router/network-router.ts": {"path":"/home/hugo/PROJETOS DRIVEN/projeto19-drivenpass/src/router/network-router.ts","statementMap":{"0":{"start":{"line":1,"column":0},"end":{"line":1,"column":33}},"1":{"start":{"line":12,"column":0},"end":{"line":12,"column":null}},"2":{"start":{"line":19,"column":0},"end":{"line":19,"column":56}},"3":{"start":{"line":20,"column":0},"end":{"line":20,"column":54}},"4":{"start":{"line":21,"column":0},"end":{"line":21,"column":69}},"5":{"start":{"line":23,"column":22},"end":{"line":23,"column":30}},"6":{"start":{"line":25,"column":0},"end":{"line":25,"column":57}},"7":{"start":{"line":26,"column":0},"end":{"line":26,"column":72}},"8":{"start":{"line":27,"column":0},"end":{"line":27,"column":72}},"9":{"start":{"line":28,"column":0},"end":{"line":28,"column":75}},"10":{"start":{"line":29,"column":0},"end":{"line":29,"column":72}},"11":{"start":{"line":31,"column":0},"end":{"line":31,"column":29}}},"fnMap":{},"branchMap":{},"s":{"0":1,"1":1,"2":1,"3":1,"4":1,"5":1,"6":1,"7":1,"8":1,"9":1,"10":1,"11":1},"f":{},"b":{}}
,"/home/hugo/PROJETOS DRIVEN/projeto19-drivenpass/src/router/user-router.ts": {"path":"/home/hugo/PROJETOS DRIVEN/projeto19-drivenpass/src/router/user-router.ts","statementMap":{"0":{"start":{"line":1,"column":0},"end":{"line":1,"column":33}},"1":{"start":{"line":4,"column":0},"end":{"line":4,"column":63}},"2":{"start":{"line":5,"column":0},"end":{"line":5,"column":58}},"3":{"start":{"line":7,"column":19},"end":{"line":7,"column":27}},"4":{"start":{"line":9,"column":0},"end":{"line":9,"column":50}},"5":{"start":{"line":10,"column":0},"end":{"line":10,"column":50}},"6":{"start":{"line":12,"column":0},"end":{"line":12,"column":26}}},"fnMap":{},"branchMap":{},"s":{"0":1,"1":1,"2":1,"3":1,"4":1,"5":1,"6":1},"f":{},"b":{}}
,"/home/hugo/PROJETOS DRIVEN/projeto19-drivenpass/src/schema/auth-schema.ts": {"path":"/home/hugo/PROJETOS DRIVEN/projeto19-drivenpass/src/schema/auth-schema.ts","statementMap":{"0":{"start":{"line":1,"column":0},"end":{"line":1,"column":22}},"1":{"start":{"line":3,"column":19},"end":{"line":6,"column":2}},"2":{"start":{"line":8,"column":9},"end":{"line":8,"column":19}}},"fnMap":{},"branchMap":{},"s":{"0":1,"1":1,"2":1},"f":{},"b":{}}
,"/home/hugo/PROJETOS DRIVEN/projeto19-drivenpass/src/schema/credential-schema.ts": {"path":"/home/hugo/PROJETOS DRIVEN/projeto19-drivenpass/src/schema/credential-schema.ts","statementMap":{"0":{"start":{"line":1,"column":0},"end":{"line":1,"column":22}},"1":{"start":{"line":3,"column":25},"end":{"line":9,"column":2}},"2":{"start":{"line":18,"column":9},"end":{"line":18,"column":25}},"3":{"start":{"line":11,"column":31},"end":{"line":16,"column":2}},"4":{"start":{"line":18,"column":27},"end":{"line":18,"column":49}}},"fnMap":{},"branchMap":{},"s":{"0":1,"1":1,"2":1,"3":1,"4":1},"f":{},"b":{}}
,"/home/hugo/PROJETOS DRIVEN/projeto19-drivenpass/src/schema/network-schema.ts": {"path":"/home/hugo/PROJETOS DRIVEN/projeto19-drivenpass/src/schema/network-schema.ts","statementMap":{"0":{"start":{"line":1,"column":0},"end":{"line":1,"column":22}},"1":{"start":{"line":3,"column":22},"end":{"line":8,"column":2}},"2":{"start":{"line":16,"column":9},"end":{"line":16,"column":22}},"3":{"start":{"line":10,"column":29},"end":{"line":14,"column":2}},"4":{"start":{"line":16,"column":24},"end":{"line":16,"column":44}}},"fnMap":{},"branchMap":{},"s":{"0":1,"1":1,"2":1,"3":1,"4":1},"f":{},"b":{}}
,"/home/hugo/PROJETOS DRIVEN/projeto19-drivenpass/src/service/credential-service.ts": {"path":"/home/hugo/PROJETOS DRIVEN/projeto19-drivenpass/src/service/credential-service.ts","statementMap":{"0":{"start":{"line":9,"column":0},"end":{"line":9,"column":71}},"1":{"start":{"line":11,"column":0},"end":{"line":11,"column":null}},"2":{"start":{"line":16,"column":0},"end":{"line":16,"column":51}},"3":{"start":{"line":18,"column":0},"end":{"line":18,"column":28}},"4":{"start":{"line":19,"column":15},"end":{"line":19,"column":36}},"5":{"start":{"line":23,"column":4},"end":{"line":25,"column":null}},"6":{"start":{"line":27,"column":2},"end":{"line":29,"column":null}},"7":{"start":{"line":28,"column":4},"end":{"line":28,"column":48}},"8":{"start":{"line":31,"column":27},"end":{"line":33,"column":null}},"9":{"start":{"line":35,"column":2},"end":{"line":37,"column":null}},"10":{"start":{"line":36,"column":4},"end":{"line":36,"column":46}},"11":{"start":{"line":39,"column":2},"end":{"line":39,"column":66}},"12":{"start":{"line":40,"column":2},"end":{"line":40,"column":61}},"13":{"start":{"line":47,"column":28},"end":{"line":48,"column":null}},"14":{"start":{"line":50,"column":2},"end":{"line":52,"column":null}},"15":{"start":{"line":51,"column":4},"end":{"line":51,"column":26}},"16":{"start":{"line":55,"column":4},"end":{"line":55,"column":56}},"17":{"start":{"line":57,"column":2},"end":{"line":59,"column":null}},"18":{"start":{"line":58,"column":4},"end":{"line":58,"column":30}},"19":{"start":{"line":61,"column":21},"end":{"line":61,"column":73}},"20":{"start":{"line":62,"column":2},"end":{"line":64,"column":null}},"21":{"start":{"line":63,"column":4},"end":{"line":63,"column":62}},"22":{"start":{"line":65,"column":2},"end":{"line":65,"column":20}},"23":{"start":{"line":69,"column":25},"end":{"line":69,"column":78}},"24":{"start":{"line":71,"column":33},"end":{"line":74,"column":4}},"25":{"start":{"line":72,"column":4},"end":{"line":72,"column":50}},"26":{"start":{"line":73,"column":4},"end":{"line":73,"column":16}},"27":{"start":{"line":76,"column":2},"end":{"line":76,"column":32}},"28":{"start":{"line":80,"column":28},"end":{"line":81,"column":null}},"29":{"start":{"line":83,"column":2},"end":{"line":85,"column":null}},"30":{"start":{"line":84,"column":4},"end":{"line":84,"column":26}},"31":{"start":{"line":88,"column":4},"end":{"line":88,"column":56}},"32":{"start":{"line":90,"column":2},"end":{"line":92,"column":null}},"33":{"start":{"line":91,"column":4},"end":{"line":91,"column":30}},"34":{"start":{"line":94,"column":2},"end":{"line":94,"column":58}},"35":{"start":{"line":102,"column":28},"end":{"line":103,"column":null}},"36":{"start":{"line":105,"column":2},"end":{"line":107,"column":null}},"37":{"start":{"line":106,"column":4},"end":{"line":106,"column":26}},"38":{"start":{"line":110,"column":4},"end":{"line":110,"column":56}},"39":{"start":{"line":112,"column":2},"end":{"line":114,"column":null}},"40":{"start":{"line":113,"column":4},"end":{"line":113,"column":30}},"41":{"start":{"line":116,"column":2},"end":{"line":125,"column":null}},"42":{"start":{"line":118,"column":6},"end":{"line":120,"column":null}},"43":{"start":{"line":122,"column":4},"end":{"line":124,"column":null}},"44":{"start":{"line":123,"column":6},"end":{"line":123,"column":50}},"45":{"start":{"line":127,"column":2},"end":{"line":135,"column":null}},"46":{"start":{"line":128,"column":29},"end":{"line":130,"column":null}},"47":{"start":{"line":132,"column":4},"end":{"line":134,"column":null}},"48":{"start":{"line":133,"column":6},"end":{"line":133,"column":48}},"49":{"start":{"line":137,"column":2},"end":{"line":141,"column":null}},"50":{"start":{"line":138,"column":4},"end":{"line":140,"column":6}},"51":{"start":{"line":143,"column":2},"end":{"line":143,"column":77}},"52":{"start":{"line":146,"column":26},"end":{"line":152,"column":2}},"53":{"start":{"line":154,"column":0},"end":{"line":154,"column":33}}},"fnMap":{"0":{"name":"createCredential","decl":{"start":{"line":21,"column":15},"end":{"line":21,"column":31}},"loc":{"start":{"line":21,"column":61},"end":{"line":41,"column":null}}},"1":{"name":"findOneCredential","decl":{"start":{"line":43,"column":15},"end":{"line":43,"column":32}},"loc":{"start":{"line":45,"column":12},"end":{"line":66,"column":null}}},"2":{"name":"findAllCredentials","decl":{"start":{"line":68,"column":15},"end":{"line":68,"column":33}},"loc":{"start":{"line":68,"column":48},"end":{"line":77,"column":null}}},"3":{"name":"(anonymous_14)","decl":{"start":{"line":71,"column":52},"end":{"line":71,"column":53}},"loc":{"start":{"line":71,"column":61},"end":{"line":74,"column":3}}},"4":{"name":"deleteCredential","decl":{"start":{"line":79,"column":15},"end":{"line":79,"column":31}},"loc":{"start":{"line":79,"column":58},"end":{"line":95,"column":null}}},"5":{"name":"updateCredential","decl":{"start":{"line":97,"column":15},"end":{"line":97,"column":31}},"loc":{"start":{"line":100,"column":41},"end":{"line":144,"column":null}}}},"branchMap":{"0":{"loc":{"start":{"line":27,"column":2},"end":{"line":29,"column":null}},"type":"if","locations":[{"start":{"line":27,"column":2},"end":{"line":29,"column":null}}]},"1":{"loc":{"start":{"line":35,"column":2},"end":{"line":37,"column":null}},"type":"if","locations":[{"start":{"line":35,"column":2},"end":{"line":37,"column":null}}]},"2":{"loc":{"start":{"line":50,"column":2},"end":{"line":52,"column":null}},"type":"if","locations":[{"start":{"line":50,"column":2},"end":{"line":52,"column":null}}]},"3":{"loc":{"start":{"line":57,"column":2},"end":{"line":59,"column":null}},"type":"if","locations":[{"start":{"line":57,"column":2},"end":{"line":59,"column":null}}]},"4":{"loc":{"start":{"line":57,"column":6},"end":{"line":57,"column":35}},"type":"cond-expr","locations":[{"start":{"line":57,"column":27},"end":{"line":57,"column":29}},{"start":{"line":57,"column":6},"end":{"line":57,"column":35}}]},"5":{"loc":{"start":{"line":57,"column":6},"end":{"line":57,"column":29}},"type":"binary-expr","locations":[{"start":{"line":57,"column":6},"end":{"line":57,"column":29}},{"start":{"line":57,"column":6},"end":{"line":57,"column":29}}]},"6":{"loc":{"start":{"line":62,"column":2},"end":{"line":64,"column":null}},"type":"if","locations":[{"start":{"line":62,"column":2},"end":{"line":64,"column":null}}]},"7":{"loc":{"start":{"line":83,"column":2},"end":{"line":85,"column":null}},"type":"if","locations":[{"start":{"line":83,"column":2},"end":{"line":85,"column":null}}]},"8":{"loc":{"start":{"line":90,"column":2},"end":{"line":92,"column":null}},"type":"if","locations":[{"start":{"line":90,"column":2},"end":{"line":92,"column":null}}]},"9":{"loc":{"start":{"line":90,"column":6},"end":{"line":90,"column":35}},"type":"cond-expr","locations":[{"start":{"line":90,"column":27},"end":{"line":90,"column":29}},{"start":{"line":90,"column":6},"end":{"line":90,"column":35}}]},"10":{"loc":{"start":{"line":90,"column":6},"end":{"line":90,"column":29}},"type":"binary-expr","locations":[{"start":{"line":90,"column":6},"end":{"line":90,"column":29}},{"start":{"line":90,"column":6},"end":{"line":90,"column":29}}]},"11":{"loc":{"start":{"line":105,"column":2},"end":{"line":107,"column":null}},"type":"if","locations":[{"start":{"line":105,"column":2},"end":{"line":107,"column":null}}]},"12":{"loc":{"start":{"line":112,"column":2},"end":{"line":114,"column":null}},"type":"if","locations":[{"start":{"line":112,"column":2},"end":{"line":114,"column":null}}]},"13":{"loc":{"start":{"line":112,"column":6},"end":{"line":112,"column":35}},"type":"cond-expr","locations":[{"start":{"line":112,"column":27},"end":{"line":112,"column":29}},{"start":{"line":112,"column":6},"end":{"line":112,"column":35}}]},"14":{"loc":{"start":{"line":112,"column":6},"end":{"line":112,"column":29}},"type":"binary-expr","locations":[{"start":{"line":112,"column":6},"end":{"line":112,"column":29}},{"start":{"line":112,"column":6},"end":{"line":112,"column":29}}]},"15":{"loc":{"start":{"line":116,"column":2},"end":{"line":125,"column":null}},"type":"if","locations":[{"start":{"line":116,"column":2},"end":{"line":125,"column":null}}]},"16":{"loc":{"start":{"line":122,"column":4},"end":{"line":124,"column":null}},"type":"if","locations":[{"start":{"line":122,"column":4},"end":{"line":124,"column":null}}]},"17":{"loc":{"start":{"line":127,"column":2},"end":{"line":135,"column":null}},"type":"if","locations":[{"start":{"line":127,"column":2},"end":{"line":135,"column":null}}]},"18":{"loc":{"start":{"line":132,"column":4},"end":{"line":134,"column":null}},"type":"if","locations":[{"start":{"line":132,"column":4},"end":{"line":134,"column":null}}]},"19":{"loc":{"start":{"line":137,"column":2},"end":{"line":141,"column":null}},"type":"if","locations":[{"start":{"line":137,"column":2},"end":{"line":141,"column":null}}]}},"s":{"0":1,"1":1,"2":1,"3":1,"4":1,"5":3,"6":3,"7":1,"8":2,"9":2,"10":1,"11":1,"12":1,"13":3,"14":3,"15":1,"16":2,"17":2,"18":1,"19":1,"20":1,"21":1,"22":1,"23":1,"24":1,"25":5,"26":5,"27":1,"28":3,"29":3,"30":1,"31":2,"32":2,"33":1,"34":1,"35":5,"36":5,"37":1,"38":4,"39":4,"40":1,"41":3,"42":2,"43":2,"44":1,"45":2,"46":2,"47":2,"48":1,"49":1,"50":1,"51":1,"52":1,"53":1},"f":{"0":3,"1":3,"2":1,"3":5,"4":3,"5":5},"b":{"0":[1],"1":[1],"2":[1],"3":[1],"4":[0,2],"5":[2,2],"6":[1],"7":[1],"8":[1],"9":[0,2],"10":[2,2],"11":[1],"12":[1],"13":[0,4],"14":[4,4],"15":[2],"16":[1],"17":[2],"18":[1],"19":[1]}}
,"/home/hugo/PROJETOS DRIVEN/projeto19-drivenpass/src/service/network-service.ts": {"path":"/home/hugo/PROJETOS DRIVEN/projeto19-drivenpass/src/service/network-service.ts","statementMap":{"0":{"start":{"line":5,"column":0},"end":{"line":5,"column":65}},"1":{"start":{"line":7,"column":0},"end":{"line":7,"column":73}},"2":{"start":{"line":8,"column":0},"end":{"line":8,"column":51}},"3":{"start":{"line":9,"column":0},"end":{"line":9,"column":28}},"4":{"start":{"line":10,"column":15},"end":{"line":10,"column":36}},"5":{"start":{"line":13,"column":2},"end":{"line":13,"column":54}},"6":{"start":{"line":14,"column":2},"end":{"line":14,"column":49}},"7":{"start":{"line":18,"column":21},"end":{"line":18,"column":67}},"8":{"start":{"line":20,"column":29},"end":{"line":23,"column":4}},"9":{"start":{"line":21,"column":4},"end":{"line":21,"column":50}},"10":{"start":{"line":22,"column":4},"end":{"line":22,"column":16}},"11":{"start":{"line":25,"column":2},"end":{"line":25,"column":28}},"12":{"start":{"line":32,"column":25},"end":{"line":32,"column":67}},"13":{"start":{"line":33,"column":2},"end":{"line":35,"column":null}},"14":{"start":{"line":34,"column":4},"end":{"line":34,"column":26}},"15":{"start":{"line":37,"column":29},"end":{"line":37,"column":71}},"16":{"start":{"line":38,"column":2},"end":{"line":40,"column":null}},"17":{"start":{"line":39,"column":4},"end":{"line":39,"column":30}},"18":{"start":{"line":42,"column":18},"end":{"line":42,"column":60}},"19":{"start":{"line":43,"column":2},"end":{"line":45,"column":null}},"20":{"start":{"line":44,"column":4},"end":{"line":44,"column":56}},"21":{"start":{"line":47,"column":2},"end":{"line":47,"column":17}},"22":{"start":{"line":51,"column":25},"end":{"line":51,"column":67}},"23":{"start":{"line":52,"column":2},"end":{"line":54,"column":null}},"24":{"start":{"line":53,"column":4},"end":{"line":53,"column":26}},"25":{"start":{"line":56,"column":29},"end":{"line":56,"column":71}},"26":{"start":{"line":57,"column":2},"end":{"line":59,"column":null}},"27":{"start":{"line":58,"column":4},"end":{"line":58,"column":30}},"28":{"start":{"line":61,"column":2},"end":{"line":61,"column":44}},"29":{"start":{"line":69,"column":25},"end":{"line":69,"column":67}},"30":{"start":{"line":70,"column":2},"end":{"line":72,"column":null}},"31":{"start":{"line":71,"column":4},"end":{"line":71,"column":26}},"32":{"start":{"line":74,"column":29},"end":{"line":74,"column":71}},"33":{"start":{"line":75,"column":2},"end":{"line":77,"column":null}},"34":{"start":{"line":76,"column":4},"end":{"line":76,"column":30}},"35":{"start":{"line":79,"column":2},"end":{"line":79,"column":60}},"36":{"start":{"line":82,"column":23},"end":{"line":88,"column":2}},"37":{"start":{"line":90,"column":0},"end":{"line":90,"column":30}}},"fnMap":{"0":{"name":"insertNetwork","decl":{"start":{"line":12,"column":15},"end":{"line":12,"column":28}},"loc":{"start":{"line":12,"column":49},"end":{"line":15,"column":null}}},"1":{"name":"getAllNetwork","decl":{"start":{"line":17,"column":15},"end":{"line":17,"column":28}},"loc":{"start":{"line":17,"column":43},"end":{"line":26,"column":null}}},"2":{"name":"(anonymous_12)","decl":{"start":{"line":20,"column":44},"end":{"line":20,"column":45}},"loc":{"start":{"line":20,"column":53},"end":{"line":23,"column":3}}},"3":{"name":"getOneNetwork","decl":{"start":{"line":28,"column":15},"end":{"line":28,"column":28}},"loc":{"start":{"line":30,"column":12},"end":{"line":48,"column":null}}},"4":{"name":"deleteNetwork","decl":{"start":{"line":50,"column":15},"end":{"line":50,"column":28}},"loc":{"start":{"line":50,"column":55},"end":{"line":62,"column":null}}},"5":{"name":"updateNetwork","decl":{"start":{"line":64,"column":15},"end":{"line":64,"column":28}},"loc":{"start":{"line":67,"column":35},"end":{"line":80,"column":null}}}},"branchMap":{"0":{"loc":{"start":{"line":33,"column":2},"end":{"line":35,"column":null}},"type":"if","locations":[{"start":{"line":33,"column":2},"end":{"line":35,"column":null}}]},"1":{"loc":{"start":{"line":38,"column":2},"end":{"line":40,"column":null}},"type":"if","locations":[{"start":{"line":38,"column":2},"end":{"line":40,"column":null}}]},"2":{"loc":{"start":{"line":38,"column":6},"end":{"line":38,"column":32}},"type":"cond-expr","locations":[{"start":{"line":38,"column":24},"end":{"line":38,"column":26}},{"start":{"line":38,"column":6},"end":{"line":38,"column":32}}]},"3":{"loc":{"start":{"line":38,"column":6},"end":{"line":38,"column":26}},"type":"binary-expr","locations":[{"start":{"line":38,"column":6},"end":{"line":38,"column":26}},{"start":{"line":38,"column":6},"end":{"line":38,"column":26}}]},"4":{"loc":{"start":{"line":43,"column":2},"end":{"line":45,"column":null}},"type":"if","locations":[{"start":{"line":43,"column":2},"end":{"line":45,"column":null}}]},"5":{"loc":{"start":{"line":52,"column":2},"end":{"line":54,"column":null}},"type":"if","locations":[{"start":{"line":52,"column":2},"end":{"line":54,"column":null}}]},"6":{"loc":{"start":{"line":57,"column":2},"end":{"line":59,"column":null}},"type":"if","locations":[{"start":{"line":57,"column":2},"end":{"line":59,"column":null}}]},"7":{"loc":{"start":{"line":57,"column":6},"end":{"line":57,"column":32}},"type":"cond-expr","locations":[{"start":{"line":57,"column":24},"end":{"line":57,"column":26}},{"start":{"line":57,"column":6},"end":{"line":57,"column":32}}]},"8":{"loc":{"start":{"line":57,"column":6},"end":{"line":57,"column":26}},"type":"binary-expr","locations":[{"start":{"line":57,"column":6},"end":{"line":57,"column":26}},{"start":{"line":57,"column":6},"end":{"line":57,"column":26}}]},"9":{"loc":{"start":{"line":70,"column":2},"end":{"line":72,"column":null}},"type":"if","locations":[{"start":{"line":70,"column":2},"end":{"line":72,"column":null}}]},"10":{"loc":{"start":{"line":75,"column":2},"end":{"line":77,"column":null}},"type":"if","locations":[{"start":{"line":75,"column":2},"end":{"line":77,"column":null}}]},"11":{"loc":{"start":{"line":75,"column":6},"end":{"line":75,"column":32}},"type":"cond-expr","locations":[{"start":{"line":75,"column":24},"end":{"line":75,"column":26}},{"start":{"line":75,"column":6},"end":{"line":75,"column":32}}]},"12":{"loc":{"start":{"line":75,"column":6},"end":{"line":75,"column":26}},"type":"binary-expr","locations":[{"start":{"line":75,"column":6},"end":{"line":75,"column":26}},{"start":{"line":75,"column":6},"end":{"line":75,"column":26}}]}},"s":{"0":1,"1":1,"2":1,"3":1,"4":1,"5":1,"6":1,"7":1,"8":1,"9":5,"10":5,"11":1,"12":3,"13":3,"14":1,"15":2,"16":2,"17":1,"18":1,"19":1,"20":1,"21":1,"22":3,"23":3,"24":1,"25":2,"26":2,"27":1,"28":1,"29":3,"30":3,"31":1,"32":2,"33":2,"34":1,"35":1,"36":1,"37":1},"f":{"0":1,"1":1,"2":5,"3":3,"4":3,"5":3},"b":{"0":[1],"1":[1],"2":[0,2],"3":[2,2],"4":[1],"5":[1],"6":[1],"7":[0,2],"8":[2,2],"9":[1],"10":[1],"11":[0,2],"12":[2,2]}}
,"/home/hugo/PROJETOS DRIVEN/projeto19-drivenpass/src/service/user-service.ts": {"path":"/home/hugo/PROJETOS DRIVEN/projeto19-drivenpass/src/service/user-service.ts","statementMap":{"0":{"start":{"line":6,"column":0},"end":{"line":6,"column":59}},"1":{"start":{"line":7,"column":0},"end":{"line":7,"column":65}},"2":{"start":{"line":9,"column":0},"end":{"line":9,"column":73}},"3":{"start":{"line":10,"column":0},"end":{"line":10,"column":62}},"4":{"start":{"line":11,"column":0},"end":{"line":11,"column":31}},"5":{"start":{"line":12,"column":0},"end":{"line":12,"column":28}},"6":{"start":{"line":15,"column":25},"end":{"line":15,"column":56}},"7":{"start":{"line":17,"column":15},"end":{"line":17,"column":49}},"8":{"start":{"line":19,"column":2},"end":{"line":21,"column":null}},"9":{"start":{"line":20,"column":4},"end":{"line":20,"column":47}},"10":{"start":{"line":23,"column":2},"end":{"line":23,"column":54}},"11":{"start":{"line":27,"column":15},"end":{"line":27,"column":49}},"12":{"start":{"line":28,"column":2},"end":{"line":30,"column":null}},"13":{"start":{"line":29,"column":4},"end":{"line":29,"column":30}},"14":{"start":{"line":32,"column":26},"end":{"line":32,"column":69}},"15":{"start":{"line":33,"column":2},"end":{"line":35,"column":null}},"16":{"start":{"line":34,"column":4},"end":{"line":34,"column":30}},"17":{"start":{"line":37,"column":16},"end":{"line":39,"column":4}},"18":{"start":{"line":41,"column":2},"end":{"line":41,"column":76}},"19":{"start":{"line":44,"column":20},"end":{"line":47,"column":2}},"20":{"start":{"line":49,"column":0},"end":{"line":49,"column":27}}},"fnMap":{"0":{"name":"insertUser","decl":{"start":{"line":14,"column":15},"end":{"line":14,"column":25}},"loc":{"start":{"line":14,"column":55},"end":{"line":24,"column":null}}},"1":{"name":"loginUser","decl":{"start":{"line":26,"column":15},"end":{"line":26,"column":24}},"loc":{"start":{"line":26,"column":54},"end":{"line":42,"column":null}}}},"branchMap":{"0":{"loc":{"start":{"line":19,"column":2},"end":{"line":21,"column":null}},"type":"if","locations":[{"start":{"line":19,"column":2},"end":{"line":21,"column":null}}]},"1":{"loc":{"start":{"line":28,"column":2},"end":{"line":30,"column":null}},"type":"if","locations":[{"start":{"line":28,"column":2},"end":{"line":30,"column":null}}]},"2":{"loc":{"start":{"line":33,"column":2},"end":{"line":35,"column":null}},"type":"if","locations":[{"start":{"line":33,"column":2},"end":{"line":35,"column":null}}]}},"s":{"0":1,"1":1,"2":1,"3":1,"4":1,"5":1,"6":2,"7":2,"8":2,"9":1,"10":1,"11":3,"12":3,"13":1,"14":2,"15":2,"16":1,"17":1,"18":1,"19":1,"20":1},"f":{"0":2,"1":3},"b":{"0":[1],"1":[1],"2":[1]}}
,"/home/hugo/PROJETOS DRIVEN/projeto19-drivenpass/tests/factories/credential.ts": {"path":"/home/hugo/PROJETOS DRIVEN/projeto19-drivenpass/tests/factories/credential.ts","statementMap":{"0":{"start":{"line":1,"column":0},"end":{"line":1,"column":49}},"1":{"start":{"line":2,"column":0},"end":{"line":2,"column":39}},"2":{"start":{"line":5,"column":21},"end":{"line":5,"column":42}},"3":{"start":{"line":6,"column":2},"end":{"line":8,"column":5}},"4":{"start":{"line":4,"column":0},"end":{"line":4,"column":16}},"5":{"start":{"line":16,"column":21},"end":{"line":16,"column":42}},"6":{"start":{"line":17,"column":2},"end":{"line":19,"column":null}},"7":{"start":{"line":18,"column":4},"end":{"line":18,"column":29}},"8":{"start":{"line":20,"column":2},"end":{"line":22,"column":null}},"9":{"start":{"line":21,"column":4},"end":{"line":21,"column":25}},"10":{"start":{"line":24,"column":2},"end":{"line":26,"column":5}},"11":{"start":{"line":11,"column":0},"end":{"line":11,"column":16}}},"fnMap":{"0":{"name":"createCredential","decl":{"start":{"line":4,"column":16},"end":{"line":4,"column":32}},"loc":{"start":{"line":4,"column":47},"end":{"line":9,"column":1}}},"1":{"name":"createSpecificCredential","decl":{"start":{"line":11,"column":16},"end":{"line":11,"column":40}},"loc":{"start":{"line":14,"column":13},"end":{"line":27,"column":1}}}},"branchMap":{"0":{"loc":{"start":{"line":17,"column":2},"end":{"line":19,"column":null}},"type":"if","locations":[{"start":{"line":17,"column":2},"end":{"line":19,"column":null}}]},"1":{"loc":{"start":{"line":20,"column":2},"end":{"line":22,"column":null}},"type":"if","locations":[{"start":{"line":20,"column":2},"end":{"line":22,"column":null}}]}},"s":{"0":1,"1":1,"2":16,"3":16,"4":1,"5":5,"6":5,"7":5,"8":5,"9":5,"10":5,"11":1},"f":{"0":16,"1":5},"b":{"0":[5],"1":[5]}}
,"/home/hugo/PROJETOS DRIVEN/projeto19-drivenpass/tests/factories/data.ts": {"path":"/home/hugo/PROJETOS DRIVEN/projeto19-drivenpass/tests/factories/data.ts","statementMap":{"0":{"start":{"line":1,"column":0},"end":{"line":1,"column":40}},"1":{"start":{"line":2,"column":0},"end":{"line":2,"column":31}},"2":{"start":{"line":3,"column":0},"end":{"line":3,"column":58}},"3":{"start":{"line":5,"column":0},"end":{"line":5,"column":28}},"4":{"start":{"line":6,"column":15},"end":{"line":6,"column":36}},"5":{"start":{"line":8,"column":14},"end":{"line":8,"column":38}},"6":{"start":{"line":40,"column":9},"end":{"line":40,"column":14}},"7":{"start":{"line":9,"column":17},"end":{"line":9,"column":30}},"8":{"start":{"line":40,"column":16},"end":{"line":40,"column":24}},"9":{"start":{"line":12,"column":2},"end":{"line":18,"column":4}},"10":{"start":{"line":40,"column":26},"end":{"line":40,"column":39}},"11":{"start":{"line":22,"column":2},"end":{"line":27,"column":4}},"12":{"start":{"line":40,"column":41},"end":{"line":40,"column":51}},"13":{"start":{"line":31,"column":2},"end":{"line":31,"column":59}},"14":{"start":{"line":31,"column":34},"end":{"line":31,"column":57}},"15":{"start":{"line":40,"column":53},"end":{"line":40,"column":58}},"16":{"start":{"line":35,"column":2},"end":{"line":37,"column":5}},"17":{"start":{"line":40,"column":60},"end":{"line":40,"column":71}}},"fnMap":{"0":{"name":"newCredential","decl":{"start":{"line":11,"column":9},"end":{"line":11,"column":22}},"loc":{"start":{"line":11,"column":37},"end":{"line":19,"column":1}}},"1":{"name":"newNetwork","decl":{"start":{"line":21,"column":9},"end":{"line":21,"column":19}},"loc":{"start":{"line":21,"column":34},"end":{"line":28,"column":1}}},"2":{"name":"sleep","decl":{"start":{"line":30,"column":9},"end":{"line":30,"column":14}},"loc":{"start":{"line":30,"column":25},"end":{"line":32,"column":1}}},"3":{"name":"(anonymous_4)","decl":{"start":{"line":31,"column":21},"end":{"line":31,"column":22}},"loc":{"start":{"line":31,"column":34},"end":{"line":31,"column":57}}},"4":{"name":"createToken","decl":{"start":{"line":34,"column":9},"end":{"line":34,"column":20}},"loc":{"start":{"line":34,"column":49},"end":{"line":38,"column":1}}}},"branchMap":{},"s":{"0":1,"1":1,"2":1,"3":1,"4":1,"5":1,"6":1,"7":1,"8":1,"9":25,"10":1,"11":13,"12":1,"13":10,"14":10,"15":1,"16":59,"17":1},"f":{"0":25,"1":13,"2":10,"3":10,"4":59},"b":{}}
,"/home/hugo/PROJETOS DRIVEN/projeto19-drivenpass/tests/factories/network.ts": {"path":"/home/hugo/PROJETOS DRIVEN/projeto19-drivenpass/tests/factories/network.ts","statementMap":{"0":{"start":{"line":1,"column":0},"end":{"line":1,"column":49}},"1":{"start":{"line":2,"column":0},"end":{"line":2,"column":36}},"2":{"start":{"line":5,"column":18},"end":{"line":5,"column":36}},"3":{"start":{"line":6,"column":2},"end":{"line":8,"column":5}},"4":{"start":{"line":4,"column":0},"end":{"line":4,"column":16}}},"fnMap":{"0":{"name":"createNetwork","decl":{"start":{"line":4,"column":16},"end":{"line":4,"column":29}},"loc":{"start":{"line":4,"column":44},"end":{"line":9,"column":1}}}},"branchMap":{},"s":{"0":1,"1":1,"2":12,"3":12,"4":1},"f":{"0":12},"b":{}}
,"/home/hugo/PROJETOS DRIVEN/projeto19-drivenpass/tests/factories/session.ts": {"path":"/home/hugo/PROJETOS DRIVEN/projeto19-drivenpass/tests/factories/session.ts","statementMap":{"0":{"start":{"line":1,"column":0},"end":{"line":1,"column":49}},"1":{"start":{"line":4,"column":2},"end":{"line":9,"column":5}},"2":{"start":{"line":3,"column":0},"end":{"line":3,"column":24}}},"fnMap":{"0":{"name":"createSession","decl":{"start":{"line":3,"column":24},"end":{"line":3,"column":37}},"loc":{"start":{"line":3,"column":67},"end":{"line":10,"column":1}}}},"branchMap":{},"s":{"0":1,"1":61,"2":1},"f":{"0":61},"b":{}}
,"/home/hugo/PROJETOS DRIVEN/projeto19-drivenpass/tests/factories/user.ts": {"path":"/home/hugo/PROJETOS DRIVEN/projeto19-drivenpass/tests/factories/user.ts","statementMap":{"0":{"start":{"line":1,"column":0},"end":{"line":1,"column":49}},"1":{"start":{"line":2,"column":0},"end":{"line":2,"column":28}},"2":{"start":{"line":5,"column":2},"end":{"line":10,"column":5}},"3":{"start":{"line":4,"column":0},"end":{"line":4,"column":30}}},"fnMap":{"0":{"name":"createUser","decl":{"start":{"line":4,"column":30},"end":{"line":4,"column":40}},"loc":{"start":{"line":4,"column":72},"end":{"line":11,"column":null}}}},"branchMap":{},"s":{"0":1,"1":1,"2":72,"3":1},"f":{"0":72},"b":{}}
}
