TN:
SF:src/main.ts
FN:15,(anonymous_7)
FNF:1
FNH:1
FNDA:1,(anonymous_7)
DA:1,1
DA:2,1
DA:3,1
DA:7,1
DA:9,1
DA:11,1
DA:13,1
DA:15,1
DA:16,1
DA:19,1
LF:10
LH:10
BRF:0
BRH:0
end_of_record
TN:
SF:src/controller/credential-controller.ts
FN:8,postOneCredential
FN:24,getOneCredential
FN:46,getAllCredentials
FN:57,deleteOneCredential
FN:75,updateOneCredential
FNF:5
FNH:5
FNDA:3,postOneCredential
FNDA:3,getOneCredential
FNDA:1,getAllCredentials
FNDA:3,deleteOneCredential
FNDA:5,updateOneCredential
DA:2,1
DA:6,1
DA:9,3
DA:10,3
DA:12,3
DA:13,3
DA:15,1
DA:17,2
DA:18,2
DA:20,0
DA:25,3
DA:26,3
DA:28,3
DA:29,3
DA:34,1
DA:36,2
DA:37,1
DA:38,1
DA:39,1
DA:42,0
DA:47,1
DA:49,1
DA:50,1
DA:51,1
DA:53,0
DA:58,3
DA:59,3
DA:61,3
DA:62,3
DA:63,1
DA:65,2
DA:66,1
DA:67,1
DA:68,1
DA:71,0
DA:76,5
DA:77,5
DA:78,5
DA:80,5
DA:81,5
DA:86,1
DA:88,4
DA:89,1
DA:90,3
DA:91,1
DA:92,2
DA:93,2
DA:96,0
DA:101,1
DA:102,1
DA:103,1
DA:104,1
DA:105,1
LF:53
LH:48
BRDA:17,0,0,2
BRDA:36,1,0,1
BRDA:36,1,1,1
BRDA:38,2,0,1
BRDA:65,3,0,1
BRDA:65,3,1,1
BRDA:67,4,0,1
BRDA:88,5,0,1
BRDA:88,5,1,3
BRDA:90,6,0,1
BRDA:90,6,1,2
BRDA:92,7,0,2
BRF:12
BRH:12
end_of_record
TN:
SF:src/controller/network-controller.ts
FN:6,getAllNetworks
FN:17,getOneNetwork
FN:33,postNetwork
FN:45,deleteNetwork
FN:63,updateNetwork
FNF:5
FNH:5
FNDA:1,getAllNetworks
FNDA:3,getOneNetwork
FNDA:1,postNetwork
FNDA:3,deleteNetwork
FNDA:3,updateNetwork
DA:2,1
DA:4,1
DA:7,1
DA:9,1
DA:10,1
DA:11,1
DA:13,0
DA:18,3
DA:19,3
DA:20,3
DA:21,3
DA:22,1
DA:24,2
DA:25,1
DA:26,1
DA:27,1
DA:29,0
DA:34,1
DA:35,1
DA:37,1
DA:38,1
DA:39,1
DA:41,0
DA:46,3
DA:47,3
DA:49,3
DA:50,3
DA:51,1
DA:53,2
DA:54,1
DA:55,1
DA:56,1
DA:59,0
DA:64,3
DA:65,3
DA:66,3
DA:68,3
DA:69,3
DA:70,1
DA:72,2
DA:73,1
DA:74,1
DA:75,1
DA:78,0
DA:83,1
DA:84,1
DA:85,1
DA:86,1
DA:87,1
LF:49
LH:44
BRDA:24,0,0,1
BRDA:24,0,1,1
BRDA:26,1,0,1
BRDA:53,2,0,1
BRDA:53,2,1,1
BRDA:55,3,0,1
BRDA:72,4,0,1
BRDA:72,4,1,1
BRDA:74,5,0,1
BRF:9
BRH:9
end_of_record
TN:
SF:src/controller/user-controller.ts
FN:8,signUp
FN:23,signIn
FNF:2
FNH:2
FNDA:2,signUp
FNDA:3,signIn
DA:4,1
DA:6,1
DA:9,2
DA:11,2
DA:12,2
DA:13,1
DA:15,1
DA:16,1
DA:19,0
DA:24,3
DA:26,3
DA:27,3
DA:29,1
DA:33,2
DA:34,2
DA:36,0
DA:40,1
LF:17
LH:15
BRDA:15,0,0,1
BRDA:33,1,0,2
BRF:2
BRH:2
end_of_record
TN:
SF:src/database/database.ts
FNF:0
FNH:0
DA:1,1
DA:2,1
DA:4,1
LF:3
LH:3
BRF:0
BRH:0
end_of_record
TN:
SF:src/erros/conflict.ts
FN:3,conflictError
FNF:1
FNH:1
FNDA:5,conflictError
DA:3,1
DA:4,5
LF:2
LH:2
BRF:0
BRH:0
end_of_record
TN:
SF:src/erros/index-errors.ts
FN:10,(anonymous_0)
FN:10,(anonymous_1)
FN:10,(anonymous_2)
FNF:3
FNH:3
FNDA:5,(anonymous_0)
FNDA:6,(anonymous_1)
FNDA:8,(anonymous_2)
DA:6,1
DA:7,1
DA:8,1
DA:10,9
LF:4
LH:4
BRF:0
BRH:0
end_of_record
TN:
SF:src/erros/not-found.ts
FN:3,notFoundError
FNF:1
FNH:1
FNDA:6,notFoundError
DA:3,1
DA:4,6
LF:2
LH:2
BRF:0
BRH:0
end_of_record
TN:
SF:src/erros/unauthorizated.ts
FN:3,unauthorizedError
FNF:1
FNH:1
FNDA:8,unauthorizedError
DA:3,1
DA:4,8
LF:2
LH:2
BRF:0
BRH:0
end_of_record
TN:
SF:src/middlewares/id-middleware.ts
FN:4,validateID
FNF:1
FNH:1
FNDA:28,validateID
DA:2,1
DA:4,1
DA:9,28
DA:10,28
DA:11,6
DA:14,22
DA:15,22
LF:7
LH:7
BRDA:10,0,0,6
BRF:1
BRH:1
end_of_record
TN:
SF:src/middlewares/post-credential-middlware.ts
FN:8,validateCredential
FN:21,(anonymous_2)
FNF:2
FNH:2
FNDA:5,validateCredential
FNDA:11,(anonymous_2)
DA:4,1
DA:6,1
DA:8,1
DA:13,5
DA:14,5
DA:15,5
DA:18,5
DA:19,2
DA:21,11
DA:23,3
LF:10
LH:10
BRDA:18,0,0,2
BRDA:18,0,1,3
BRF:2
BRH:2
end_of_record
TN:
SF:src/middlewares/post-network-middleware.ts
FN:8,validateCredential
FN:21,(anonymous_2)
FNF:2
FNH:2
FNDA:3,validateCredential
FNDA:9,(anonymous_2)
DA:4,1
DA:6,1
DA:8,1
DA:13,3
DA:14,3
DA:15,3
DA:18,3
DA:19,2
DA:21,9
DA:23,1
LF:10
LH:10
BRDA:18,0,0,2
BRDA:18,0,1,1
BRF:2
BRH:2
end_of_record
TN:
SF:src/middlewares/token-middleware.ts
FN:9,authToken
FNF:1
FNH:1
FNDA:68,authToken
DA:4,1
DA:5,1
DA:6,1
DA:7,1
DA:9,1
DA:14,68
DA:15,68
DA:17,68
DA:18,10
DA:21,58
DA:22,58
DA:24,58
DA:25,48
DA:27,38
DA:28,38
DA:29,38
DA:32,10
DA:35,10
DA:36,10
DA:38,0
LF:20
LH:19
BRDA:14,0,0,0
BRDA:14,0,1,68
BRDA:14,1,0,68
BRDA:14,1,1,68
BRDA:15,2,0,10
BRDA:15,2,1,58
BRDA:15,3,0,68
BRDA:15,3,1,68
BRDA:17,4,0,10
BRDA:24,5,0,48
BRDA:24,5,1,10
BRDA:27,6,0,38
BRDA:35,7,0,10
BRF:13
BRH:12
end_of_record
TN:
SF:src/middlewares/update-credential-middleware.ts
FN:8,validateCredential
FN:20,(anonymous_2)
FNF:2
FNH:2
FNDA:7,validateCredential
FNDA:7,(anonymous_2)
DA:4,1
DA:6,1
DA:8,1
DA:13,7
DA:14,7
DA:17,7
DA:18,2
DA:20,7
DA:22,5
LF:9
LH:9
BRDA:17,0,0,2
BRDA:17,0,1,5
BRF:2
BRH:2
end_of_record
TN:
SF:src/middlewares/user-middleware.ts
FN:8,validateUser
FN:19,(anonymous_2)
FNF:2
FNH:2
FNDA:9,validateUser
FNDA:10,(anonymous_2)
DA:4,1
DA:6,1
DA:8,1
DA:13,9
DA:15,9
DA:16,9
DA:17,4
DA:19,10
DA:21,5
LF:9
LH:9
BRDA:16,0,0,4
BRDA:16,0,1,5
BRF:2
BRH:2
end_of_record
TN:
SF:src/protocols/secretKey.ts
FNF:0
FNH:0
DA:1,1
DA:2,1
DA:3,1
DA:5,1
LF:4
LH:4
BRF:0
BRH:0
end_of_record
TN:
SF:src/repository/credential-repository.ts
FN:6,createCredential
FN:12,findAllCredentials
FN:20,findOneCredentialById
FN:28,findOneCredentiaByTitle
FN:37,filterCredentialsByUrl
FN:46,deleteCredential
FN:55,updateCredential
FNF:7
FNH:7
FNDA:1,createCredential
FNDA:1,findAllCredentials
FNDA:20,findOneCredentialById
FNDA:4,findOneCredentiaByTitle
FNDA:5,filterCredentialsByUrl
FNDA:1,deleteCredential
FNDA:1,updateCredential
DA:3,1
DA:7,1
DA:13,1
DA:21,20
DA:29,4
DA:38,5
DA:47,1
DA:60,1
DA:69,1
DA:79,1
LF:10
LH:10
BRF:0
BRH:0
end_of_record
TN:
SF:src/repository/network-repository.ts
FN:6,findOneNetwork
FN:14,findAllNetwork
FN:22,createNetwork
FN:28,deleteNetwork
FN:36,updateNetwork
FNF:5
FNH:5
FNDA:16,findOneNetwork
FNDA:1,findAllNetwork
FNDA:1,createNetwork
FNDA:1,deleteNetwork
FNDA:1,updateNetwork
DA:3,1
DA:7,16
DA:15,1
DA:23,1
DA:29,1
DA:37,1
DA:45,1
DA:53,1
LF:8
LH:8
BRF:0
BRH:0
end_of_record
TN:
SF:src/repository/session-repository.ts
FN:6,createSession
FN:24,searchSession
FNF:2
FNH:2
FNDA:1,createSession
FNDA:58,searchSession
DA:3,1
DA:7,1
DA:25,58
DA:32,1
DA:37,1
LF:5
LH:5
BRF:0
BRH:0
end_of_record
TN:
SF:src/repository/user-repository.ts
FN:4,insert
FN:13,search
FNF:2
FNH:2
FNDA:1,insert
FNDA:5,search
DA:2,1
DA:5,1
DA:14,5
DA:21,1
DA:26,1
LF:5
LH:5
BRF:0
BRH:0
end_of_record
TN:
SF:src/router/credential-router.ts
FNF:0
FNH:0
DA:1,1
DA:13,1
DA:14,1
DA:15,1
DA:16,1
DA:17,1
DA:25,1
DA:27,1
DA:34,1
DA:41,1
DA:43,1
DA:50,1
DA:58,1
LF:13
LH:13
BRF:0
BRH:0
end_of_record
TN:
SF:src/router/index-router.ts
FNF:0
FNH:0
DA:1,1
DA:7,1
DA:8,1
DA:9,1
DA:11,1
DA:13,1
DA:15,1
LF:7
LH:7
BRF:0
BRH:0
end_of_record
TN:
SF:src/router/network-router.ts
FNF:0
FNH:0
DA:1,1
DA:12,1
DA:19,1
DA:20,1
DA:21,1
DA:23,1
DA:25,1
DA:26,1
DA:27,1
DA:28,1
DA:29,1
DA:31,1
LF:12
LH:12
BRF:0
BRH:0
end_of_record
TN:
SF:src/router/user-router.ts
FNF:0
FNH:0
DA:1,1
DA:4,1
DA:5,1
DA:7,1
DA:9,1
DA:10,1
DA:12,1
LF:7
LH:7
BRF:0
BRH:0
end_of_record
TN:
SF:src/schema/auth-schema.ts
FNF:0
FNH:0
DA:1,1
DA:3,1
DA:8,1
LF:3
LH:3
BRF:0
BRH:0
end_of_record
TN:
SF:src/schema/credential-schema.ts
FNF:0
FNH:0
DA:1,1
DA:3,1
DA:11,1
DA:18,1
LF:4
LH:4
BRF:0
BRH:0
end_of_record
TN:
SF:src/schema/network-schema.ts
FNF:0
FNH:0
DA:1,1
DA:3,1
DA:10,1
DA:16,1
LF:4
LH:4
BRF:0
BRH:0
end_of_record
TN:
SF:src/service/credential-service.ts
FN:21,createCredential
FN:43,findOneCredential
FN:68,findAllCredentials
FN:71,(anonymous_14)
FN:79,deleteCredential
FN:97,updateCredential
FNF:6
FNH:6
FNDA:3,createCredential
FNDA:3,findOneCredential
FNDA:1,findAllCredentials
FNDA:5,(anonymous_14)
FNDA:3,deleteCredential
FNDA:5,updateCredential
DA:9,1
DA:11,1
DA:16,1
DA:18,1
DA:19,1
DA:23,3
DA:27,3
DA:28,1
DA:31,2
DA:35,2
DA:36,1
DA:39,1
DA:40,1
DA:47,3
DA:50,3
DA:51,1
DA:55,2
DA:57,2
DA:58,1
DA:61,1
DA:62,1
DA:63,1
DA:65,1
DA:69,1
DA:71,1
DA:72,5
DA:73,5
DA:76,1
DA:80,3
DA:83,3
DA:84,1
DA:88,2
DA:90,2
DA:91,1
DA:94,1
DA:102,5
DA:105,5
DA:106,1
DA:110,4
DA:112,4
DA:113,1
DA:116,3
DA:118,2
DA:122,2
DA:123,1
DA:127,2
DA:128,2
DA:132,2
DA:133,1
DA:137,1
DA:138,1
DA:143,1
DA:146,1
DA:154,1
LF:54
LH:54
BRDA:27,0,0,1
BRDA:35,1,0,1
BRDA:50,2,0,1
BRDA:57,3,0,1
BRDA:57,4,0,0
BRDA:57,4,1,2
BRDA:57,5,0,2
BRDA:57,5,1,2
BRDA:62,6,0,1
BRDA:83,7,0,1
BRDA:90,8,0,1
BRDA:90,9,0,0
BRDA:90,9,1,2
BRDA:90,10,0,2
BRDA:90,10,1,2
BRDA:105,11,0,1
BRDA:112,12,0,1
BRDA:112,13,0,0
BRDA:112,13,1,4
BRDA:112,14,0,4
BRDA:112,14,1,4
BRDA:116,15,0,2
BRDA:122,16,0,1
BRDA:127,17,0,2
BRDA:132,18,0,1
BRDA:137,19,0,1
BRF:26
BRH:23
end_of_record
TN:
SF:src/service/network-service.ts
FN:12,insertNetwork
FN:17,getAllNetwork
FN:20,(anonymous_12)
FN:28,getOneNetwork
FN:50,deleteNetwork
FN:64,updateNetwork
FNF:6
FNH:6
FNDA:1,insertNetwork
FNDA:1,getAllNetwork
FNDA:5,(anonymous_12)
FNDA:3,getOneNetwork
FNDA:3,deleteNetwork
FNDA:3,updateNetwork
DA:5,1
DA:7,1
DA:8,1
DA:9,1
DA:10,1
DA:13,1
DA:14,1
DA:18,1
DA:20,1
DA:21,5
DA:22,5
DA:25,1
DA:32,3
DA:33,3
DA:34,1
DA:37,2
DA:38,2
DA:39,1
DA:42,1
DA:43,1
DA:44,1
DA:47,1
DA:51,3
DA:52,3
DA:53,1
DA:56,2
DA:57,2
DA:58,1
DA:61,1
DA:69,3
DA:70,3
DA:71,1
DA:74,2
DA:75,2
DA:76,1
DA:79,1
DA:82,1
DA:90,1
LF:38
LH:38
BRDA:33,0,0,1
BRDA:38,1,0,1
BRDA:38,2,0,0
BRDA:38,2,1,2
BRDA:38,3,0,2
BRDA:38,3,1,2
BRDA:43,4,0,1
BRDA:52,5,0,1
BRDA:57,6,0,1
BRDA:57,7,0,0
BRDA:57,7,1,2
BRDA:57,8,0,2
BRDA:57,8,1,2
BRDA:70,9,0,1
BRDA:75,10,0,1
BRDA:75,11,0,0
BRDA:75,11,1,2
BRDA:75,12,0,2
BRDA:75,12,1,2
BRF:19
BRH:16
end_of_record
TN:
SF:src/service/user-service.ts
FN:14,insertUser
FN:26,loginUser
FNF:2
FNH:2
FNDA:2,insertUser
FNDA:3,loginUser
DA:6,1
DA:7,1
DA:9,1
DA:10,1
DA:11,1
DA:12,1
DA:15,2
DA:17,2
DA:19,2
DA:20,1
DA:23,1
DA:27,3
DA:28,3
DA:29,1
DA:32,2
DA:33,2
DA:34,1
DA:37,1
DA:41,1
DA:44,1
DA:49,1
LF:21
LH:21
BRDA:19,0,0,1
BRDA:28,1,0,1
BRDA:33,2,0,1
BRF:3
BRH:3
end_of_record
TN:
SF:tests/factories/credential.ts
FN:4,createCredential
FN:11,createSpecificCredential
FNF:2
FNH:2
FNDA:16,createCredential
FNDA:5,createSpecificCredential
DA:1,1
DA:2,1
DA:4,1
DA:5,16
DA:6,16
DA:11,1
DA:16,5
DA:17,5
DA:18,5
DA:20,5
DA:21,5
DA:24,5
LF:12
LH:12
BRDA:17,0,0,5
BRDA:20,1,0,5
BRF:2
BRH:2
end_of_record
TN:
SF:tests/factories/data.ts
FN:11,newCredential
FN:21,newNetwork
FN:30,sleep
FN:31,(anonymous_4)
FN:34,createToken
FNF:5
FNH:5
FNDA:25,newCredential
FNDA:13,newNetwork
FNDA:10,sleep
FNDA:10,(anonymous_4)
FNDA:59,createToken
DA:1,1
DA:2,1
DA:3,1
DA:5,1
DA:6,1
DA:8,1
DA:9,1
DA:12,25
DA:22,13
DA:31,10
DA:35,59
DA:40,1
LF:12
LH:12
BRF:0
BRH:0
end_of_record
TN:
SF:tests/factories/network.ts
FN:4,createNetwork
FNF:1
FNH:1
FNDA:12,createNetwork
DA:1,1
DA:2,1
DA:4,1
DA:5,12
DA:6,12
LF:5
LH:5
BRF:0
BRH:0
end_of_record
TN:
SF:tests/factories/session.ts
FN:3,createSession
FNF:1
FNH:1
FNDA:61,createSession
DA:1,1
DA:3,1
DA:4,61
LF:3
LH:3
BRF:0
BRH:0
end_of_record
TN:
SF:tests/factories/user.ts
FN:4,createUser
FNF:1
FNH:1
FNDA:72,createUser
DA:1,1
DA:2,1
DA:4,1
DA:5,72
LF:4
LH:4
BRF:0
BRH:0
end_of_record
