TN:
SF:src/main.ts
FNF:0
FNH:0
DA:1,1
DA:2,1
DA:3,1
DA:7,1
DA:10,1
DA:12,1
DA:14,1
DA:16,1
DA:17,1
DA:19,0
DA:22,1
LF:11
LH:10
BRF:0
BRH:0
end_of_record
TN:
SF:src/controller/credential-controller.ts
FN:8,postOneCredential
FN:24,getOneCredential
FN:46,getAllCredentials
FN:57,deleteOneCredential
FN:75,updateOneCredential
FNF:5
FNH:5
FNDA:1,postOneCredential
FNDA:2,getOneCredential
FNDA:1,getAllCredentials
FNDA:2,deleteOneCredential
FNDA:2,updateOneCredential
DA:2,1
DA:6,1
DA:9,1
DA:10,1
DA:12,1
DA:13,1
DA:15,1
DA:17,0
DA:18,0
DA:20,0
DA:25,2
DA:26,2
DA:28,2
DA:29,2
DA:34,1
DA:36,1
DA:37,1
DA:38,0
DA:39,0
DA:42,0
DA:47,1
DA:49,1
DA:50,1
DA:51,1
DA:53,0
DA:58,2
DA:59,2
DA:61,2
DA:62,2
DA:63,1
DA:65,1
DA:66,1
DA:67,0
DA:68,0
DA:71,0
DA:76,2
DA:77,2
DA:78,2
DA:80,2
DA:81,2
DA:86,1
DA:88,1
DA:89,1
DA:90,0
DA:91,0
DA:92,0
DA:93,0
DA:96,0
DA:101,1
DA:102,1
DA:103,1
DA:104,1
DA:105,1
LF:53
LH:38
BRDA:17,0,0,0
BRDA:36,1,0,1
BRDA:36,1,1,0
BRDA:38,2,0,0
BRDA:65,3,0,1
BRDA:65,3,1,0
BRDA:67,4,0,0
BRDA:88,5,0,1
BRDA:88,5,1,0
BRDA:90,6,0,0
BRDA:90,6,1,0
BRDA:92,7,0,0
BRF:12
BRH:3
end_of_record
TN:
SF:src/controller/network-controller.ts
FN:6,getAllNetworks
FN:17,getOneNetwork
FN:33,postNetwork
FN:45,deleteNetwork
FN:63,updateNetwork
FNF:5
FNH:0
FNDA:0,getAllNetworks
FNDA:0,getOneNetwork
FNDA:0,postNetwork
FNDA:0,deleteNetwork
FNDA:0,updateNetwork
DA:2,1
DA:4,1
DA:7,0
DA:9,0
DA:10,0
DA:11,0
DA:13,0
DA:18,0
DA:19,0
DA:20,0
DA:21,0
DA:22,0
DA:24,0
DA:25,0
DA:26,0
DA:27,0
DA:29,0
DA:34,0
DA:35,0
DA:37,0
DA:38,0
DA:39,0
DA:41,0
DA:46,0
DA:47,0
DA:49,0
DA:50,0
DA:51,0
DA:53,0
DA:54,0
DA:55,0
DA:56,0
DA:59,0
DA:64,0
DA:65,0
DA:66,0
DA:68,0
DA:69,0
DA:70,0
DA:72,0
DA:73,0
DA:74,0
DA:75,0
DA:78,0
DA:83,1
DA:84,1
DA:85,1
DA:86,1
DA:87,1
LF:49
LH:7
BRDA:24,0,0,0
BRDA:24,0,1,0
BRDA:26,1,0,0
BRDA:53,2,0,0
BRDA:53,2,1,0
BRDA:55,3,0,0
BRDA:72,4,0,0
BRDA:72,4,1,0
BRDA:74,5,0,0
BRF:9
BRH:0
end_of_record
TN:
SF:src/controller/user-controller.ts
FN:8,signUp
FN:26,signIn
FNF:2
FNH:2
FNDA:2,signUp
FNDA:3,signIn
DA:4,1
DA:6,1
DA:9,2
DA:11,2
DA:12,2
DA:13,1
DA:15,1
DA:17,1
DA:18,0
DA:21,0
DA:27,3
DA:29,3
DA:30,3
DA:32,1
DA:36,2
DA:38,2
DA:39,0
DA:41,0
DA:46,1
LF:19
LH:15
BRDA:15,0,0,1
BRDA:15,0,1,0
BRDA:36,1,0,2
BRDA:36,1,1,0
BRF:4
BRH:2
end_of_record
TN:
SF:src/database/database.ts
FNF:0
FNH:0
DA:1,1
DA:2,1
DA:4,1
LF:3
LH:3
BRF:0
BRH:0
end_of_record
TN:
SF:src/erros/bad-request.ts
FN:3,badRequestError
FNF:1
FNH:0
FNDA:0,badRequestError
DA:3,1
DA:4,0
LF:2
LH:1
BRF:0
BRH:0
end_of_record
TN:
SF:src/erros/conflict.ts
FN:3,conflictError
FNF:1
FNH:1
FNDA:1,conflictError
DA:3,1
DA:4,1
LF:2
LH:2
BRF:0
BRH:0
end_of_record
TN:
SF:src/erros/index-errors.ts
FN:11,(anonymous_0)
FN:11,(anonymous_1)
FN:11,(anonymous_2)
FN:11,(anonymous_3)
FNF:4
FNH:3
FNDA:1,(anonymous_0)
FNDA:3,(anonymous_1)
FNDA:2,(anonymous_2)
FNDA:0,(anonymous_3)
DA:6,1
DA:7,1
DA:8,1
DA:9,1
DA:11,4
LF:5
LH:5
BRF:0
BRH:0
end_of_record
TN:
SF:src/erros/not-found.ts
FN:3,notFoundError
FNF:1
FNH:1
FNDA:3,notFoundError
DA:3,1
DA:4,3
LF:2
LH:2
BRF:0
BRH:0
end_of_record
TN:
SF:src/erros/unauthorizated.ts
FN:3,unauthorizedError
FNF:1
FNH:1
FNDA:2,unauthorizedError
DA:3,1
DA:4,2
LF:2
LH:2
BRF:0
BRH:0
end_of_record
TN:
SF:src/middlewares/id-middleware.ts
FN:4,validateID
FNF:1
FNH:1
FNDA:9,validateID
DA:2,1
DA:4,1
DA:9,9
DA:10,9
DA:11,3
DA:14,6
DA:15,6
LF:7
LH:7
BRDA:10,0,0,3
BRF:1
BRH:1
end_of_record
TN:
SF:src/middlewares/post-credential-middlware.ts
FN:8,validateCredential
FN:21,(anonymous_2)
FNF:2
FNH:2
FNDA:3,validateCredential
FNDA:11,(anonymous_2)
DA:4,1
DA:6,1
DA:8,1
DA:13,3
DA:14,3
DA:15,3
DA:18,3
DA:19,2
DA:21,11
DA:23,1
LF:10
LH:10
BRDA:18,0,0,2
BRDA:18,0,1,1
BRF:2
BRH:2
end_of_record
TN:
SF:src/middlewares/post-network-middleware.ts
FN:8,validateCredential
FN:21,(anonymous_2)
FNF:2
FNH:0
FNDA:0,validateCredential
FNDA:0,(anonymous_2)
DA:4,1
DA:6,1
DA:8,1
DA:13,0
DA:14,0
DA:15,0
DA:18,0
DA:19,0
DA:21,0
DA:23,0
LF:10
LH:3
BRDA:18,0,0,0
BRDA:18,0,1,0
BRF:2
BRH:0
end_of_record
TN:
SF:src/middlewares/token-middleware.ts
FN:9,authToken
FNF:1
FNH:1
FNDA:28,authToken
DA:4,1
DA:5,1
DA:6,1
DA:7,1
DA:9,1
DA:14,28
DA:15,28
DA:17,28
DA:18,5
DA:21,23
DA:22,23
DA:24,23
DA:25,18
DA:27,13
DA:28,13
DA:29,13
DA:31,0
DA:34,5
DA:37,5
DA:38,5
DA:40,0
LF:21
LH:19
BRDA:14,0,0,0
BRDA:14,0,1,28
BRDA:14,1,0,28
BRDA:14,1,1,28
BRDA:15,2,0,5
BRDA:15,2,1,23
BRDA:15,3,0,28
BRDA:15,3,1,28
BRDA:17,4,0,5
BRDA:24,5,0,18
BRDA:24,5,1,5
BRDA:27,6,0,13
BRDA:27,6,1,0
BRDA:37,7,0,5
BRF:14
BRH:12
end_of_record
TN:
SF:src/middlewares/update-credential-middleware.ts
FN:8,validateCredential
FN:20,(anonymous_2)
FNF:2
FNH:1
FNDA:2,validateCredential
FNDA:0,(anonymous_2)
DA:4,1
DA:6,1
DA:8,1
DA:13,2
DA:14,2
DA:17,2
DA:18,0
DA:20,0
DA:22,2
LF:9
LH:7
BRDA:17,0,0,0
BRDA:17,0,1,2
BRF:2
BRH:1
end_of_record
TN:
SF:src/middlewares/user-middleware.ts
FN:8,validateUser
FN:19,(anonymous_2)
FNF:2
FNH:2
FNDA:9,validateUser
FNDA:10,(anonymous_2)
DA:4,1
DA:6,1
DA:8,1
DA:13,9
DA:15,9
DA:16,9
DA:17,4
DA:19,10
DA:21,5
LF:9
LH:9
BRDA:16,0,0,4
BRDA:16,0,1,5
BRF:2
BRH:2
end_of_record
TN:
SF:src/protocols/secretKey.ts
FNF:0
FNH:0
DA:1,1
DA:2,1
DA:3,1
DA:5,1
LF:4
LH:4
BRF:0
BRH:0
end_of_record
TN:
SF:src/repository/credential-repository.ts
FN:6,createCredential
FN:12,findAllCredentials
FN:20,findOneCredentialById
FN:28,findOneCredentiaByTitle
FN:37,filterCredentialsByUrl
FN:46,deleteCredential
FN:55,updateCredential
FNF:7
FNH:7
FNDA:1,createCredential
FNDA:1,findAllCredentials
FNDA:10,findOneCredentialById
FNDA:2,findOneCredentiaByTitle
FNDA:2,filterCredentialsByUrl
FNDA:1,deleteCredential
FNDA:1,updateCredential
DA:3,1
DA:7,1
DA:13,1
DA:21,10
DA:29,2
DA:38,2
DA:47,1
DA:60,1
DA:69,1
DA:79,1
LF:10
LH:10
BRF:0
BRH:0
end_of_record
TN:
SF:src/repository/network-repository.ts
FN:6,findOneNetwork
FN:14,findAllNetwork
FN:22,createNetwork
FN:28,deleteNetwork
FN:36,updateNetwork
FNF:5
FNH:0
FNDA:0,findOneNetwork
FNDA:0,findAllNetwork
FNDA:0,createNetwork
FNDA:0,deleteNetwork
FNDA:0,updateNetwork
DA:3,1
DA:7,0
DA:15,0
DA:23,0
DA:29,0
DA:37,0
DA:45,1
DA:53,1
LF:8
LH:3
BRF:0
BRH:0
end_of_record
TN:
SF:src/repository/session-repository.ts
FN:6,createSession
FN:24,searchSession
FNF:2
FNH:2
FNDA:1,createSession
FNDA:23,searchSession
DA:3,1
DA:7,1
DA:25,23
DA:32,1
DA:37,1
LF:5
LH:5
BRF:0
BRH:0
end_of_record
TN:
SF:src/repository/user-repository.ts
FN:4,insert
FN:13,search
FNF:2
FNH:2
FNDA:1,insert
FNDA:5,search
DA:2,1
DA:5,1
DA:14,5
DA:21,1
DA:26,1
LF:5
LH:5
BRF:0
BRH:0
end_of_record
TN:
SF:src/router/credential-router.ts
FNF:0
FNH:0
DA:1,1
DA:13,1
DA:14,1
DA:15,1
DA:16,1
DA:17,1
DA:25,1
DA:27,1
DA:34,1
DA:41,1
DA:43,1
DA:50,1
DA:58,1
LF:13
LH:13
BRF:0
BRH:0
end_of_record
TN:
SF:src/router/index-router.ts
FNF:0
FNH:0
DA:1,1
DA:7,1
DA:8,1
DA:9,1
DA:11,1
DA:13,1
DA:15,1
LF:7
LH:7
BRF:0
BRH:0
end_of_record
TN:
SF:src/router/network-router.ts
FNF:0
FNH:0
DA:1,1
DA:12,1
DA:19,1
DA:20,1
DA:21,1
DA:23,1
DA:25,1
DA:26,1
DA:27,1
DA:28,1
DA:29,1
DA:31,1
LF:12
LH:12
BRF:0
BRH:0
end_of_record
TN:
SF:src/router/user-router.ts
FNF:0
FNH:0
DA:1,1
DA:4,1
DA:5,1
DA:7,1
DA:9,1
DA:10,1
DA:12,1
LF:7
LH:7
BRF:0
BRH:0
end_of_record
TN:
SF:src/schema/auth-schema.ts
FNF:0
FNH:0
DA:1,1
DA:3,1
DA:8,1
LF:3
LH:3
BRF:0
BRH:0
end_of_record
TN:
SF:src/schema/credential-schema.ts
FNF:0
FNH:0
DA:1,1
DA:3,1
DA:11,1
DA:18,1
LF:4
LH:4
BRF:0
BRH:0
end_of_record
TN:
SF:src/schema/network-schema.ts
FNF:0
FNH:0
DA:1,1
DA:3,1
DA:10,1
DA:16,1
LF:4
LH:4
BRF:0
BRH:0
end_of_record
TN:
SF:src/service/credential-service.ts
FN:21,createCredential
FN:43,findOneCredential
FN:68,findAllCredentials
FN:71,(anonymous_14)
FN:79,deleteCredential
FN:97,updateCredential
FNF:6
FNH:6
FNDA:1,createCredential
FNDA:2,findOneCredential
FNDA:1,findAllCredentials
FNDA:5,(anonymous_14)
FNDA:2,deleteCredential
FNDA:2,updateCredential
DA:9,1
DA:11,1
DA:16,1
DA:18,1
DA:19,1
DA:23,1
DA:27,1
DA:28,0
DA:31,1
DA:35,1
DA:36,0
DA:39,1
DA:40,1
DA:47,2
DA:50,2
DA:51,1
DA:55,1
DA:57,1
DA:58,0
DA:61,1
DA:62,1
DA:63,1
DA:65,1
DA:69,1
DA:71,1
DA:72,5
DA:73,5
DA:76,1
DA:80,2
DA:83,2
DA:84,1
DA:88,1
DA:90,1
DA:91,0
DA:94,1
DA:102,2
DA:105,2
DA:106,1
DA:110,1
DA:112,1
DA:113,0
DA:116,1
DA:118,1
DA:122,1
DA:123,0
DA:127,1
DA:128,1
DA:132,1
DA:133,0
DA:137,1
DA:138,1
DA:143,1
DA:146,1
DA:154,1
LF:54
LH:47
BRDA:27,0,0,0
BRDA:35,1,0,0
BRDA:50,2,0,1
BRDA:57,3,0,0
BRDA:57,4,0,0
BRDA:57,4,1,1
BRDA:57,5,0,1
BRDA:57,5,1,1
BRDA:62,6,0,1
BRDA:83,7,0,1
BRDA:90,8,0,0
BRDA:90,9,0,0
BRDA:90,9,1,1
BRDA:90,10,0,1
BRDA:90,10,1,1
BRDA:105,11,0,1
BRDA:112,12,0,0
BRDA:112,13,0,0
BRDA:112,13,1,1
BRDA:112,14,0,1
BRDA:112,14,1,1
BRDA:116,15,0,1
BRDA:122,16,0,0
BRDA:127,17,0,1
BRDA:132,18,0,0
BRDA:137,19,0,1
BRF:26
BRH:16
end_of_record
TN:
SF:src/service/network-service.ts
FN:12,insertNetwork
FN:17,getAllNetwork
FN:20,(anonymous_12)
FN:28,getOneNetwork
FN:50,deleteNetwork
FN:64,updateNetwork
FNF:6
FNH:0
FNDA:0,insertNetwork
FNDA:0,getAllNetwork
FNDA:0,(anonymous_12)
FNDA:0,getOneNetwork
FNDA:0,deleteNetwork
FNDA:0,updateNetwork
DA:5,1
DA:7,1
DA:8,1
DA:9,1
DA:10,1
DA:13,0
DA:14,0
DA:18,0
DA:20,0
DA:21,0
DA:22,0
DA:25,0
DA:32,0
DA:33,0
DA:34,0
DA:37,0
DA:38,0
DA:39,0
DA:42,0
DA:43,0
DA:44,0
DA:47,0
DA:51,0
DA:52,0
DA:53,0
DA:56,0
DA:57,0
DA:58,0
DA:61,0
DA:69,0
DA:70,0
DA:71,0
DA:74,0
DA:75,0
DA:76,0
DA:79,0
DA:82,1
DA:90,1
LF:38
LH:7
BRDA:33,0,0,0
BRDA:38,1,0,0
BRDA:38,2,0,0
BRDA:38,2,1,0
BRDA:38,3,0,0
BRDA:38,3,1,0
BRDA:43,4,0,0
BRDA:52,5,0,0
BRDA:57,6,0,0
BRDA:57,7,0,0
BRDA:57,7,1,0
BRDA:57,8,0,0
BRDA:57,8,1,0
BRDA:70,9,0,0
BRDA:75,10,0,0
BRDA:75,11,0,0
BRDA:75,11,1,0
BRDA:75,12,0,0
BRDA:75,12,1,0
BRF:19
BRH:0
end_of_record
TN:
SF:src/service/user-service.ts
FN:14,insertUser
FN:26,loginUser
FNF:2
FNH:2
FNDA:2,insertUser
FNDA:3,loginUser
DA:6,1
DA:7,1
DA:9,1
DA:10,1
DA:11,1
DA:12,1
DA:15,2
DA:17,2
DA:19,2
DA:20,1
DA:23,1
DA:27,3
DA:28,3
DA:29,1
DA:32,2
DA:33,2
DA:34,1
DA:37,1
DA:41,1
DA:44,1
DA:49,1
LF:21
LH:21
BRDA:19,0,0,1
BRDA:28,1,0,1
BRDA:33,2,0,1
BRF:3
BRH:3
end_of_record
TN:
SF:tests/factories/credential.ts
FN:4,createCredential
FN:11,getCredential
FNF:2
FNH:1
FNDA:8,createCredential
FNDA:0,getCredential
DA:1,1
DA:2,1
DA:4,1
DA:5,8
DA:6,8
DA:11,1
DA:12,0
LF:7
LH:6
BRF:0
BRH:0
end_of_record
TN:
SF:tests/factories/data.ts
FN:11,newCredential
FN:21,sleep
FN:22,(anonymous_3)
FN:25,createToken
FNF:4
FNH:4
FNDA:12,newCredential
FNDA:5,sleep
FNDA:5,(anonymous_3)
FNDA:23,createToken
DA:1,1
DA:2,1
DA:3,1
DA:5,1
DA:6,1
DA:8,1
DA:9,1
DA:12,12
DA:22,5
DA:26,23
DA:31,1
LF:11
LH:11
BRF:0
BRH:0
end_of_record
TN:
SF:tests/factories/session.ts
FN:3,createSession
FNF:1
FNH:1
FNDA:26,createSession
DA:1,1
DA:3,1
DA:4,26
LF:3
LH:3
BRF:0
BRH:0
end_of_record
TN:
SF:tests/factories/user.ts
FN:4,createUser
FNF:1
FNH:1
FNDA:31,createUser
DA:1,1
DA:2,1
DA:4,1
DA:5,31
LF:4
LH:4
BRF:0
BRH:0
end_of_record
